[35m[1m______
| ___ \
| |_/ /  ___   ___
| ___ \ / _ \ / _ \
| |_/ /|  __/|  __/
\____/  \___| \___| v1.9.1
[21m[0m2018/05/02 21:15:00 [34m[1mINFO    [21m[0m ▶ 0001 Using 'test' as 'appname'
2018/05/02 21:15:00 [34m[1mINFO    [21m[0m ▶ 0002 Initializing watcher...
2018/05/02 21:15:01 [32m[1mSUCCESS [21m[0m ▶ 0003 Built Successfully!
2018/05/02 21:15:01 [34m[1mINFO    [21m[0m ▶ 0004 Restarting 'test'...
2018/05/02 21:15:01 [32m[1mSUCCESS [21m[0m ▶ 0005 './test' is running...
2018/05/02 21:15:01.861 [1;34m[I] [asm_amd64.s:2337] http server Running on http://:8080[0m
filepath.Walk() returned <nil>
2018/05/02 21:15:18 static/others/THUOCL_medical.txt
2018/05/02 21:15:18 static/others/THUOCL_caijing.txt
2018/05/02 21:15:18 static/others/THUOCL_diming.txt
2018/05/02 21:15:18 static/others/THUOCL_food.txt
2018/05/02 21:15:18 static/others/THUOCL_lishimingren.txt
2018/05/02 21:15:18 static/others/THUOCL_it.txt
2018/05/02 21:15:18 static/others/THUOCL_law.txt
2018/05/02 21:15:18 static/others/THUOCL_poem.txt
2018/05/02 21:15:19 static/others/THUOCL_animal.txt
2018/05/02 21:15:19 static/others/THUOCL_car.txt
2018/05/02 21:15:19 static/others/THUOCL_chengyu.txt
2018/05/02 21:15:19 初始化搜索树
2018-05-02 21:15:18.589089291 +0800 CST m=+16.734592585
2018-05-02 21:15:19.354585199 +0800 CST m=+17.500088450
2018/05/02 21:15:19 &{765495ms map[思维障碍:思维障碍 思茅希蛛:思茅希蛛 思茅台龟甲:思茅台龟甲 思想道德修养:思想道德修养 思南县国土资源局:思南县国土资源局 思君如百草:思君如百草 思飘云物外:思飘云物外 思与故人言:思与故人言 思过半矣:思过半矣 思久故之亲身兮:思久故之亲身兮 思维导图软件:思维导图软件 思入风云变态中:思入风云变态中 思乐冰:思乐冰 思维方式:思维方式 思密达:思密达 思君令人老:思君令人老 思博海:思博海 思欲委符节:思欲委符节 思君君不来:思君君不来 思达:思达 思前想后:思前想后 思诺思:思诺思 思归多苦颜:思归多苦颜 思君不见下渝州:思君不见下渝州 思远:思远 思而不学则殆:思而不学则殆 思茅松毛虫:思茅松毛虫 思绵绵而增慕:思绵绵而增慕 思国之安者:思国之安者 思科网络:思科网络 思绪万千:思绪万千 思维训练:思维训练 思朗:思朗 思归若汾水:思归若汾水 思维方法:思维方法 思茅壶蚧:思茅壶蚧 思茅弓角蝉:思茅弓角蝉 思君若汶水:思君若汶水 思索以通之:思索以通之 思捷环球:思捷环球 思为双飞燕:思为双飞燕 思乡泪满巾:思乡泪满巾]}
2018/05/02 21:15:19 map[Time_diff:765495ms Res_dict:map[思君令人老:思君令人老 思博海:思博海 思欲委符节:思欲委符节 思密达:思密达 思君君不来:思君君不来 思达:思达 思前想后:思前想后 思君不见下渝州:思君不见下渝州 思远:思远 思而不学则殆:思而不学则殆 思诺思:思诺思 思归多苦颜:思归多苦颜 思科网络:思科网络 思绪万千:思绪万千 思维训练:思维训练 思茅松毛虫:思茅松毛虫 思绵绵而增慕:思绵绵而增慕 思国之安者:思国之安者 思茅壶蚧:思茅壶蚧 思茅弓角蝉:思茅弓角蝉 思君若汶水:思君若汶水 思索以通之:思索以通之 思捷环球:思捷环球 思朗:思朗 思归若汾水:思归若汾水 思维方法:思维方法 思为双飞燕:思为双飞燕 思乡泪满巾:思乡泪满巾 思想道德修养:思想道德修养 思南县国土资源局:思南县国土资源局 思君如百草:思君如百草 思飘云物外:思飘云物外 思与故人言:思与故人言 思维障碍:思维障碍 思茅希蛛:思茅希蛛 思茅台龟甲:思茅台龟甲 思过半矣:思过半矣 思久故之亲身兮:思久故之亲身兮 思入风云变态中:思入风云变态中 思乐冰:思乐冰 思维方式:思维方式 思维导图软件:思维导图软件]]
2018/05/02 21:15:19.355 [1;44m[D] [server.go:2619] 123.120.8.49 - - [02/May/2018 09:15:18] "GET /search_match/?query=%E6%80%9D HTTP/1.1 200 0" 0.766101  Mozilla/5.0 (Windows NT 6.1; WOW64) AppleWebKit/537.36 (KHTML, like Gecko) Chrome/63.0.3239.84 Safari/537.36
[0m
2018-05-02 21:15:20.076386602 +0800 CST m=+18.221889815
2018-05-02 21:15:20.076538212 +0800 CST m=+18.222041427
2018/05/02 21:15:20 &{151ms map[思茅台龟甲:思茅台龟甲 思君令人老:思君令人老 思诺思:思诺思 思维方法:思维方法 思归多苦颜:思归多苦颜 思为双飞燕:思为双飞燕 思茅希蛛:思茅希蛛 思捷环球:思捷环球 思而不学则殆:思而不学则殆 思茅弓角蝉:思茅弓角蝉 思绵绵而增慕:思绵绵而增慕 思君君不来:思君君不来 思过半矣:思过半矣 思维障碍:思维障碍 思朗:思朗 思归若汾水:思归若汾水 思君若汶水:思君若汶水 思绪万千:思绪万千 思远:思远 思密达:思密达 思科网络:思科网络 思君不见下渝州:思君不见下渝州 思与故人言:思与故人言 思乐冰:思乐冰 思达:思达 思维导图软件:思维导图软件 思前想后:思前想后 思茅松毛虫:思茅松毛虫 思维训练:思维训练 思索以通之:思索以通之 思欲委符节:思欲委符节 思维方式:思维方式 思入风云变态中:思入风云变态中 思国之安者:思国之安者 思乡泪满巾:思乡泪满巾 思君如百草:思君如百草 思飘云物外:思飘云物外 思久故之亲身兮:思久故之亲身兮 思博海:思博海 思茅壶蚧:思茅壶蚧 思南县国土资源局:思南县国土资源局 思想道德修养:思想道德修养]}
2018/05/02 21:15:20 map[Res_dict:map[思君令人老:思君令人老 思茅台龟甲:思茅台龟甲 思捷环球:思捷环球 思诺思:思诺思 思维方法:思维方法 思归多苦颜:思归多苦颜 思为双飞燕:思为双飞燕 思茅希蛛:思茅希蛛 思君君不来:思君君不来 思而不学则殆:思而不学则殆 思茅弓角蝉:思茅弓角蝉 思绵绵而增慕:思绵绵而增慕 思君若汶水:思君若汶水 思过半矣:思过半矣 思维障碍:思维障碍 思朗:思朗 思归若汾水:思归若汾水 思远:思远 思绪万千:思绪万千 思达:思达 思维导图软件:思维导图软件 思前想后:思前想后 思密达:思密达 思科网络:思科网络 思君不见下渝州:思君不见下渝州 思与故人言:思与故人言 思乐冰:思乐冰 思维训练:思维训练 思茅松毛虫:思茅松毛虫 思入风云变态中:思入风云变态中 思索以通之:思索以通之 思欲委符节:思欲委符节 思维方式:思维方式 思博海:思博海 思茅壶蚧:思茅壶蚧 思南县国土资源局:思南县国土资源局 思国之安者:思国之安者 思乡泪满巾:思乡泪满巾 思君如百草:思君如百草 思飘云物外:思飘云物外 思久故之亲身兮:思久故之亲身兮 思想道德修养:思想道德修养] Time_diff:151ms]
2018/05/02 21:15:20.076 [1;44m[D] [server.go:2619] 123.120.8.49 - - [02/May/2018 09:15:20] "GET /search_match/?query=%E6%80%9D HTTP/1.1 200 0" 0.000435  Mozilla/5.0 (Windows NT 6.1; WOW64) AppleWebKit/537.36 (KHTML, like Gecko) Chrome/63.0.3239.84 Safari/537.36
[0m
2018-05-02 21:15:41.336484068 +0800 CST m=+39.481987252
2018-05-02 21:15:41.336602612 +0800 CST m=+39.482105804
2018/05/02 21:15:41 &{118ms map[思飘云物外:思飘云物外 思归多苦颜:思归多苦颜 思茅台龟甲:思茅台龟甲 思密达:思密达 思君君不来:思君君不来 思入风云变态中:思入风云变态中 思而不学则殆:思而不学则殆 思达:思达 思乐冰:思乐冰 思绵绵而增慕:思绵绵而增慕 思南县国土资源局:思南县国土资源局 思君若汶水:思君若汶水 思与故人言:思与故人言 思诺思:思诺思 思朗:思朗 思茅希蛛:思茅希蛛 思君不见下渝州:思君不见下渝州 思博海:思博海 思绪万千:思绪万千 思归若汾水:思归若汾水 思维方式:思维方式 思维训练:思维训练 思想道德修养:思想道德修养 思前想后:思前想后 思科网络:思科网络 思乡泪满巾:思乡泪满巾 思欲委符节:思欲委符节 思维障碍:思维障碍 思维方法:思维方法 思茅壶蚧:思茅壶蚧 思茅弓角蝉:思茅弓角蝉 思国之安者:思国之安者 思为双飞燕:思为双飞燕 思远:思远 思君令人老:思君令人老 思索以通之:思索以通之 思捷环球:思捷环球 思久故之亲身兮:思久故之亲身兮 思过半矣:思过半矣 思维导图软件:思维导图软件 思茅松毛虫:思茅松毛虫 思君如百草:思君如百草]}
2018/05/02 21:15:41 map[Time_diff:118ms Res_dict:map[思茅松毛虫:思茅松毛虫 思君如百草:思君如百草 思索以通之:思索以通之 思捷环球:思捷环球 思久故之亲身兮:思久故之亲身兮 思过半矣:思过半矣 思维导图软件:思维导图软件 思君君不来:思君君不来 思入风云变态中:思入风云变态中 思飘云物外:思飘云物外 思归多苦颜:思归多苦颜 思茅台龟甲:思茅台龟甲 思密达:思密达 思南县国土资源局:思南县国土资源局 思君若汶水:思君若汶水 思而不学则殆:思而不学则殆 思达:思达 思乐冰:思乐冰 思绵绵而增慕:思绵绵而增慕 思君不见下渝州:思君不见下渝州 思与故人言:思与故人言 思诺思:思诺思 思朗:思朗 思茅希蛛:思茅希蛛 思博海:思博海 思绪万千:思绪万千 思归若汾水:思归若汾水 思科网络:思科网络 思维方式:思维方式 思维训练:思维训练 思想道德修养:思想道德修养 思前想后:思前想后 思茅弓角蝉:思茅弓角蝉 思国之安者:思国之安者 思乡泪满巾:思乡泪满巾 思欲委符节:思欲委符节 思维障碍:思维障碍 思维方法:思维方法 思茅壶蚧:思茅壶蚧 思为双飞燕:思为双飞燕 思远:思远 思君令人老:思君令人老]]
2018/05/02 21:15:41.337 [1;44m[D] [server.go:2619] 123.120.8.49 - - [02/May/2018 09:15:41] "GET /search_match/?query=%E6%80%9D HTTP/1.1 200 0" 0.000988  Mozilla/5.0 (Windows NT 6.1; WOW64) AppleWebKit/537.36 (KHTML, like Gecko) Chrome/63.0.3239.84 Safari/537.36
[0m
2018-05-02 21:15:45.599392279 +0800 CST m=+43.744895476
2018-05-02 21:15:45.599450745 +0800 CST m=+43.744953965
2018/05/02 21:15:45 &{58ms map[念念有词:念念有词 念此私自愧:念此私自愧 念珠菌病:念珠菌病 念珠菌性包皮龟头炎:念珠菌性包皮龟头炎 念之断人肠:念之断人肠 念念不忘:念念不忘 念常:念常 念奴娇昆仑:念奴娇昆仑 念念不舍:念念不舍 念天地之悠悠:念天地之悠悠 念珠菌感染:念珠菌感染 念武陵人远:念武陵人远 念兹在兹:念兹在兹 念桥边红药:念桥边红药 念奴娇赤壁怀古:念奴娇赤壁怀古]}
2018/05/02 21:15:45 map[Time_diff:58ms Res_dict:map[念念有词:念念有词 念此私自愧:念此私自愧 念珠菌病:念珠菌病 念珠菌性包皮龟头炎:念珠菌性包皮龟头炎 念之断人肠:念之断人肠 念念不忘:念念不忘 念常:念常 念奴娇昆仑:念奴娇昆仑 念念不舍:念念不舍 念天地之悠悠:念天地之悠悠 念珠菌感染:念珠菌感染 念武陵人远:念武陵人远 念兹在兹:念兹在兹 念桥边红药:念桥边红药 念奴娇赤壁怀古:念奴娇赤壁怀古]]
2018/05/02 21:15:45.599 [1;44m[D] [server.go:2619] 123.120.8.49 - - [02/May/2018 09:15:45] "GET /search_match/?query=%E5%BF%B5 HTTP/1.1 200 0" 0.000258  Mozilla/5.0 (Windows NT 6.1; WOW64) AppleWebKit/537.36 (KHTML, like Gecko) Chrome/63.0.3239.84 Safari/537.36
[0m
2018-05-02 21:15:49.505376218 +0800 CST m=+47.650879427
2018-05-02 21:15:49.505415048 +0800 CST m=+47.650918302
2018/05/02 21:15:49 &{38ms map[你言我语:你言我语 你唱我和:你唱我和 你有权沉默:你有权沉默 你装饰了别人的梦:你装饰了别人的梦 你记得也好:你记得也好 你我相逢在黑夜的海上:你我相逢在黑夜的海上 你追我赶:你追我赶 你死我活:你死我活]}
2018/05/02 21:15:49 map[Time_diff:38ms Res_dict:map[你言我语:你言我语 你唱我和:你唱我和 你有权沉默:你有权沉默 你装饰了别人的梦:你装饰了别人的梦 你记得也好:你记得也好 你我相逢在黑夜的海上:你我相逢在黑夜的海上 你追我赶:你追我赶 你死我活:你死我活]]
2018/05/02 21:15:49.506 [1;44m[D] [server.go:2619] 123.120.8.49 - - [02/May/2018 09:15:49] "GET /search_match/?query=%E4%BD%A0 HTTP/1.1 200 0" 0.000802  Mozilla/5.0 (Windows NT 6.1; WOW64) AppleWebKit/537.36 (KHTML, like Gecko) Chrome/63.0.3239.84 Safari/537.36
[0m
2018-05-02 21:16:28.308959509 +0800 CST m=+86.454462698
2018-05-02 21:16:28.309005786 +0800 CST m=+86.454508993
2018/05/02 21:16:28 &{46ms map[念奴娇昆仑:念奴娇昆仑 念桥边红药:念桥边红药 念念不忘:念念不忘 念念有词:念念有词 念此私自愧:念此私自愧 念常:念常 念天地之悠悠:念天地之悠悠 念珠菌性包皮龟头炎:念珠菌性包皮龟头炎 念奴娇赤壁怀古:念奴娇赤壁怀古 念武陵人远:念武陵人远 念念不舍:念念不舍 念兹在兹:念兹在兹 念珠菌感染:念珠菌感染 念珠菌病:念珠菌病 念之断人肠:念之断人肠]}
2018/05/02 21:16:28 map[Time_diff:46ms Res_dict:map[念天地之悠悠:念天地之悠悠 念念不忘:念念不忘 念念有词:念念有词 念此私自愧:念此私自愧 念常:念常 念珠菌性包皮龟头炎:念珠菌性包皮龟头炎 念奴娇赤壁怀古:念奴娇赤壁怀古 念之断人肠:念之断人肠 念武陵人远:念武陵人远 念念不舍:念念不舍 念兹在兹:念兹在兹 念珠菌感染:念珠菌感染 念珠菌病:念珠菌病 念奴娇昆仑:念奴娇昆仑 念桥边红药:念桥边红药]]
2018/05/02 21:16:28.309 [1;44m[D] [server.go:2619] 123.120.8.49 - - [02/May/2018 09:16:28] "GET /search_match/?query=%E5%BF%B5 HTTP/1.1 200 0" 0.000863  Mozilla/5.0 (Windows NT 6.1; WOW64) AppleWebKit/537.36 (KHTML, like Gecko) Chrome/63.0.3239.84 Safari/537.36
[0m
2018-05-02 21:16:34.692137977 +0800 CST m=+92.837641159
2018-05-02 21:16:34.692164435 +0800 CST m=+92.837667631
2018/05/02 21:16:34 &{26ms map[你装饰了别人的梦:你装饰了别人的梦 你记得也好:你记得也好 你我相逢在黑夜的海上:你我相逢在黑夜的海上 你追我赶:你追我赶 你死我活:你死我活 你言我语:你言我语 你唱我和:你唱我和 你有权沉默:你有权沉默]}
2018/05/02 21:16:34 map[Res_dict:map[你我相逢在黑夜的海上:你我相逢在黑夜的海上 你追我赶:你追我赶 你死我活:你死我活 你言我语:你言我语 你唱我和:你唱我和 你有权沉默:你有权沉默 你装饰了别人的梦:你装饰了别人的梦 你记得也好:你记得也好] Time_diff:26ms]
2018/05/02 21:16:34.692 [1;44m[D] [server.go:2619] 123.120.8.49 - - [02/May/2018 09:16:34] "GET /search_match/?query=%E4%BD%A0 HTTP/1.1 200 0" 0.000203  Mozilla/5.0 (Windows NT 6.1; WOW64) AppleWebKit/537.36 (KHTML, like Gecko) Chrome/63.0.3239.84 Safari/537.36
[0m
2018-05-02 21:16:45.077889435 +0800 CST m=+103.223392624
2018-05-02 21:16:45.077896836 +0800 CST m=+103.223400024
2018/05/02 21:16:45 &{7ms map[]}
2018/05/02 21:16:45 map[Time_diff:7ms Res_dict:map[]]
2018/05/02 21:16:45.078 [1;44m[D] [server.go:2619] 58.246.221.163 - - [02/May/2018 09:16:45] "GET /search_match/?query=?? HTTP/1.1 200 0" 0.000660  Mozilla/5.0 (Windows NT 6.1; WOW64; Trident/7.0; SLCC2; .NET CLR 2.0.50727; .NET CLR 3.5.30729; .NET CLR 3.0.30729; Media Center PC 6.0; .NET4.0C; .NET4.0E; InfoPath.3; rv:11.0) like Gecko
[0m
2018-05-02 21:17:02.38329335 +0800 CST m=+120.528796539
2018-05-02 21:17:02.383383323 +0800 CST m=+120.528886541
2018/05/02 21:17:02 &{90ms map[思维方式:思维方式 思为双飞燕:思为双飞燕 思乡泪满巾:思乡泪满巾 思君如百草:思君如百草 思维障碍:思维障碍 思茅希蛛:思茅希蛛 思绵绵而增慕:思绵绵而增慕 思密达:思密达 思远:思远 思索以通之:思索以通之 思乐冰:思乐冰 思维训练:思维训练 思茅松毛虫:思茅松毛虫 思想道德修养:思想道德修养 思君君不来:思君君不来 思归若汾水:思归若汾水 思南县国土资源局:思南县国土资源局 思欲委符节:思欲委符节 思维导图软件:思维导图软件 思前想后:思前想后 思科网络:思科网络 思君令人老:思君令人老 思捷环球:思捷环球 思归多苦颜:思归多苦颜 思入风云变态中:思入风云变态中 思与故人言:思与故人言 思过半矣:思过半矣 思绪万千:思绪万千 思茅台龟甲:思茅台龟甲 思君不见下渝州:思君不见下渝州 思诺思:思诺思 思博海:思博海 思达:思达 思维方法:思维方法 思茅壶蚧:思茅壶蚧 思茅弓角蝉:思茅弓角蝉 思国之安者:思国之安者 思君若汶水:思君若汶水 思飘云物外:思飘云物外 思而不学则殆:思而不学则殆 思久故之亲身兮:思久故之亲身兮 思朗:思朗]}
2018/05/02 21:17:02 map[Time_diff:90ms Res_dict:map[思想道德修养:思想道德修养 思君君不来:思君君不来 思归若汾水:思归若汾水 思茅松毛虫:思茅松毛虫 思欲委符节:思欲委符节 思维导图软件:思维导图软件 思南县国土资源局:思南县国土资源局 思科网络:思科网络 思君令人老:思君令人老 思捷环球:思捷环球 思归多苦颜:思归多苦颜 思前想后:思前想后 思与故人言:思与故人言 思过半矣:思过半矣 思绪万千:思绪万千 思茅台龟甲:思茅台龟甲 思入风云变态中:思入风云变态中 思诺思:思诺思 思博海:思博海 思达:思达 思维方法:思维方法 思君不见下渝州:思君不见下渝州 思茅弓角蝉:思茅弓角蝉 思国之安者:思国之安者 思君若汶水:思君若汶水 思飘云物外:思飘云物外 思而不学则殆:思而不学则殆 思久故之亲身兮:思久故之亲身兮 思朗:思朗 思茅壶蚧:思茅壶蚧 思为双飞燕:思为双飞燕 思乡泪满巾:思乡泪满巾 思君如百草:思君如百草 思维障碍:思维障碍 思维方式:思维方式 思绵绵而增慕:思绵绵而增慕 思密达:思密达 思远:思远 思索以通之:思索以通之 思乐冰:思乐冰 思维训练:思维训练 思茅希蛛:思茅希蛛]]
2018/05/02 21:17:02.385 [1;44m[D] [server.go:2619] 123.120.8.49 - - [02/May/2018 09:17:02] "GET /search_match/?query=%E6%80%9D HTTP/1.1 200 0" 0.001944  Mozilla/5.0 (iPhone; CPU iPhone OS 9_3_1 like Mac OS X) AppleWebKit/601.1.46 (KHTML, like Gecko) Mobile/13E238 QQ/7.3.5.473 V1_IPH_SQ_7.3.5_1_APP_A Pixel/750 Core/UIWebView Device/Apple(iPhone 6) NetType/WIFI QBWebViewType/1
[0m
2018-05-02 21:17:12.043221146 +0800 CST m=+130.188724340
2018-05-02 21:17:12.043264879 +0800 CST m=+130.188768084
2018/05/02 21:17:12 &{43ms map[念念不舍:念念不舍 念兹在兹:念兹在兹 念珠菌性包皮龟头炎:念珠菌性包皮龟头炎 念念有词:念念有词 念奴娇赤壁怀古:念奴娇赤壁怀古 念此私自愧:念此私自愧 念常:念常 念念不忘:念念不忘 念珠菌感染:念珠菌感染 念珠菌病:念珠菌病 念奴娇昆仑:念奴娇昆仑 念桥边红药:念桥边红药 念天地之悠悠:念天地之悠悠 念之断人肠:念之断人肠 念武陵人远:念武陵人远]}
2018/05/02 21:17:12 map[Time_diff:43ms Res_dict:map[念天地之悠悠:念天地之悠悠 念之断人肠:念之断人肠 念武陵人远:念武陵人远 念珠菌病:念珠菌病 念奴娇昆仑:念奴娇昆仑 念桥边红药:念桥边红药 念念不舍:念念不舍 念兹在兹:念兹在兹 念珠菌性包皮龟头炎:念珠菌性包皮龟头炎 念念有词:念念有词 念奴娇赤壁怀古:念奴娇赤壁怀古 念常:念常 念念不忘:念念不忘 念珠菌感染:念珠菌感染 念此私自愧:念此私自愧]]
2018/05/02 21:17:12.043 [1;44m[D] [server.go:2619] 123.120.8.49 - - [02/May/2018 09:17:12] "GET /search_match/?query=%E5%BF%B5 HTTP/1.1 200 0" 0.000275  Mozilla/5.0 (iPhone; CPU iPhone OS 9_3_1 like Mac OS X) AppleWebKit/601.1.46 (KHTML, like Gecko) Mobile/13E238 QQ/7.3.5.473 V1_IPH_SQ_7.3.5_1_APP_A Pixel/750 Core/UIWebView Device/Apple(iPhone 6) NetType/WIFI QBWebViewType/1
[0m
2018-05-02 21:17:16.546756526 +0800 CST m=+134.692259723
2018-05-02 21:17:16.546790111 +0800 CST m=+134.692293294
2018/05/02 21:17:16 &{33ms map[你言我语:你言我语 你唱我和:你唱我和 你有权沉默:你有权沉默 你装饰了别人的梦:你装饰了别人的梦 你记得也好:你记得也好 你我相逢在黑夜的海上:你我相逢在黑夜的海上 你追我赶:你追我赶 你死我活:你死我活]}
2018/05/02 21:17:16 map[Time_diff:33ms Res_dict:map[你死我活:你死我活 你言我语:你言我语 你唱我和:你唱我和 你有权沉默:你有权沉默 你装饰了别人的梦:你装饰了别人的梦 你记得也好:你记得也好 你我相逢在黑夜的海上:你我相逢在黑夜的海上 你追我赶:你追我赶]]
2018/05/02 21:17:16.547 [1;44m[D] [server.go:2619] 123.120.8.49 - - [02/May/2018 09:17:16] "GET /search_match/?query=%E4%BD%A0 HTTP/1.1 200 0" 0.000251  Mozilla/5.0 (iPhone; CPU iPhone OS 9_3_1 like Mac OS X) AppleWebKit/601.1.46 (KHTML, like Gecko) Mobile/13E238 QQ/7.3.5.473 V1_IPH_SQ_7.3.5_1_APP_A Pixel/750 Core/UIWebView Device/Apple(iPhone 6) NetType/WIFI QBWebViewType/1
[0m
2018-05-02 21:17:24.06434388 +0800 CST m=+142.209847073
2018-05-02 21:17:24.064443745 +0800 CST m=+142.209946933
2018/05/02 21:17:24 &{99ms map[思为双飞燕:思为双飞燕 思归多苦颜:思归多苦颜 思久故之亲身兮:思久故之亲身兮 思达:思达 思维障碍:思维障碍 思维导图软件:思维导图软件 思茅松毛虫:思茅松毛虫 思茅弓角蝉:思茅弓角蝉 思君令人老:思君令人老 思君不见下渝州:思君不见下渝州 思君君不来:思君君不来 思捷环球:思捷环球 思绪万千:思绪万千 思茅壶蚧:思茅壶蚧 思远:思远 思国之安者:思国之安者 思乡泪满巾:思乡泪满巾 思科网络:思科网络 思君若汶水:思君若汶水 思索以通之:思索以通之 思与故人言:思与故人言 思绵绵而增慕:思绵绵而增慕 思密达:思密达 思飘云物外:思飘云物外 思乐冰:思乐冰 思归若汾水:思归若汾水 思想道德修养:思想道德修养 思君如百草:思君如百草 思博海:思博海 思维训练:思维训练 思茅希蛛:思茅希蛛 思诺思:思诺思 思前想后:思前想后 思入风云变态中:思入风云变态中 思维方式:思维方式 思维方法:思维方法 思南县国土资源局:思南县国土资源局 思过半矣:思过半矣 思而不学则殆:思而不学则殆 思朗:思朗 思茅台龟甲:思茅台龟甲 思欲委符节:思欲委符节]}
2018/05/02 21:17:24 map[Time_diff:99ms Res_dict:map[思科网络:思科网络 思君若汶水:思君若汶水 思索以通之:思索以通之 思与故人言:思与故人言 思绵绵而增慕:思绵绵而增慕 思密达:思密达 思国之安者:思国之安者 思乡泪满巾:思乡泪满巾 思归若汾水:思归若汾水 思想道德修养:思想道德修养 思君如百草:思君如百草 思飘云物外:思飘云物外 思乐冰:思乐冰 思茅希蛛:思茅希蛛 思诺思:思诺思 思博海:思博海 思维训练:思维训练 思维方式:思维方式 思维方法:思维方法 思南县国土资源局:思南县国土资源局 思前想后:思前想后 思入风云变态中:思入风云变态中 思朗:思朗 思茅台龟甲:思茅台龟甲 思欲委符节:思欲委符节 思过半矣:思过半矣 思而不学则殆:思而不学则殆 思归多苦颜:思归多苦颜 思为双飞燕:思为双飞燕 思维障碍:思维障碍 思维导图软件:思维导图软件 思茅松毛虫:思茅松毛虫 思茅弓角蝉:思茅弓角蝉 思君令人老:思君令人老 思久故之亲身兮:思久故之亲身兮 思达:思达 思捷环球:思捷环球 思绪万千:思绪万千 思茅壶蚧:思茅壶蚧 思远:思远 思君不见下渝州:思君不见下渝州 思君君不来:思君君不来]]
2018/05/02 21:17:24.064 [1;44m[D] [server.go:2619] 140.207.54.140 - - [02/May/2018 09:17:24] "GET /search_match/?query=%E6%80%9D HTTP/1.1 200 0" 0.000378  Mozilla/5.0 (Windows NT 6.1; WOW64) AppleWebKit/537.36 (KHTML, like Gecko) Chrome/56.0.2924.87 Safari/537.36
[0m
2018-05-02 21:17:31.077314241 +0800 CST m=+149.222817430
2018-05-02 21:17:31.077355258 +0800 CST m=+149.222858441
2018/05/02 21:17:31 &{41ms map[念此私自愧:念此私自愧 念常:念常 念天地之悠悠:念天地之悠悠 念珠菌病:念珠菌病 念奴娇赤壁怀古:念奴娇赤壁怀古 念桥边红药:念桥边红药 念念不舍:念念不舍 念念有词:念念有词 念珠菌感染:念珠菌感染 念之断人肠:念之断人肠 念武陵人远:念武陵人远 念念不忘:念念不忘 念珠菌性包皮龟头炎:念珠菌性包皮龟头炎 念奴娇昆仑:念奴娇昆仑 念兹在兹:念兹在兹]}
2018/05/02 21:17:31 map[Res_dict:map[念此私自愧:念此私自愧 念常:念常 念天地之悠悠:念天地之悠悠 念珠菌病:念珠菌病 念奴娇赤壁怀古:念奴娇赤壁怀古 念桥边红药:念桥边红药 念念不舍:念念不舍 念念有词:念念有词 念珠菌感染:念珠菌感染 念之断人肠:念之断人肠 念武陵人远:念武陵人远 念念不忘:念念不忘 念珠菌性包皮龟头炎:念珠菌性包皮龟头炎 念奴娇昆仑:念奴娇昆仑 念兹在兹:念兹在兹] Time_diff:41ms]
2018/05/02 21:17:31.077 [1;44m[D] [server.go:2619] 140.207.54.197 - - [02/May/2018 09:17:31] "GET /search_match/?query=%E5%BF%B5 HTTP/1.1 200 0" 0.000288  Mozilla/5.0 (Windows NT 6.1; WOW64) AppleWebKit/537.36 (KHTML, like Gecko) Chrome/56.0.2924.87 Safari/537.36
[0m
2018-05-02 21:17:32.704611703 +0800 CST m=+150.850114892
2018-05-02 21:17:32.704637679 +0800 CST m=+150.850140885
2018/05/02 21:17:32 &{25ms map[你死我活:你死我活 你言我语:你言我语 你唱我和:你唱我和 你有权沉默:你有权沉默 你装饰了别人的梦:你装饰了别人的梦 你记得也好:你记得也好 你我相逢在黑夜的海上:你我相逢在黑夜的海上 你追我赶:你追我赶]}
2018/05/02 21:17:32 map[Time_diff:25ms Res_dict:map[你装饰了别人的梦:你装饰了别人的梦 你记得也好:你记得也好 你我相逢在黑夜的海上:你我相逢在黑夜的海上 你追我赶:你追我赶 你死我活:你死我活 你言我语:你言我语 你唱我和:你唱我和 你有权沉默:你有权沉默]]
2018/05/02 21:17:32.704 [1;44m[D] [server.go:2619] 123.120.8.49 - - [02/May/2018 09:17:32] "GET /search_match/?query=%E4%BD%A0 HTTP/1.1 200 0" 0.000196  Mozilla/5.0 (Windows NT 6.1; WOW64) AppleWebKit/537.36 (KHTML, like Gecko) Chrome/63.0.3239.84 Safari/537.36
[0m
2018-05-02 21:17:33.301354516 +0800 CST m=+151.446857715
2018-05-02 21:17:33.301380727 +0800 CST m=+151.446883948
2018/05/02 21:17:33 &{26ms map[你记得也好:你记得也好 你我相逢在黑夜的海上:你我相逢在黑夜的海上 你追我赶:你追我赶 你死我活:你死我活 你言我语:你言我语 你唱我和:你唱我和 你有权沉默:你有权沉默 你装饰了别人的梦:你装饰了别人的梦]}
2018/05/02 21:17:33 map[Time_diff:26ms Res_dict:map[你言我语:你言我语 你唱我和:你唱我和 你有权沉默:你有权沉默 你装饰了别人的梦:你装饰了别人的梦 你记得也好:你记得也好 你我相逢在黑夜的海上:你我相逢在黑夜的海上 你追我赶:你追我赶 你死我活:你死我活]]
2018/05/02 21:17:33.302 [1;44m[D] [server.go:2619] 123.120.8.49 - - [02/May/2018 09:17:33] "GET /search_match/?query=%E4%BD%A0 HTTP/1.1 200 0" 0.000669  Mozilla/5.0 (Windows NT 6.1; WOW64) AppleWebKit/537.36 (KHTML, like Gecko) Chrome/63.0.3239.84 Safari/537.36
[0m
2018-05-02 21:17:33.844443579 +0800 CST m=+151.989946782
2018-05-02 21:17:33.844474146 +0800 CST m=+151.989977339
2018/05/02 21:17:33 &{30ms map[你言我语:你言我语 你唱我和:你唱我和 你有权沉默:你有权沉默 你装饰了别人的梦:你装饰了别人的梦 你记得也好:你记得也好 你我相逢在黑夜的海上:你我相逢在黑夜的海上 你追我赶:你追我赶 你死我活:你死我活]}
2018/05/02 21:17:33 map[Res_dict:map[你唱我和:你唱我和 你有权沉默:你有权沉默 你装饰了别人的梦:你装饰了别人的梦 你记得也好:你记得也好 你我相逢在黑夜的海上:你我相逢在黑夜的海上 你追我赶:你追我赶 你死我活:你死我活 你言我语:你言我语] Time_diff:30ms]
2018/05/02 21:17:33.844 [1;44m[D] [server.go:2619] 123.120.8.49 - - [02/May/2018 09:17:33] "GET /search_match/?query=%E4%BD%A0 HTTP/1.1 200 0" 0.000208  Mozilla/5.0 (Windows NT 6.1; WOW64) AppleWebKit/537.36 (KHTML, like Gecko) Chrome/63.0.3239.84 Safari/537.36
[0m
2018-05-02 21:17:34.062021818 +0800 CST m=+152.207525006
2018-05-02 21:17:34.06205228 +0800 CST m=+152.207555485
2018/05/02 21:17:34 &{30ms map[你唱我和:你唱我和 你有权沉默:你有权沉默 你装饰了别人的梦:你装饰了别人的梦 你记得也好:你记得也好 你我相逢在黑夜的海上:你我相逢在黑夜的海上 你追我赶:你追我赶 你死我活:你死我活 你言我语:你言我语]}
2018/05/02 21:17:34 map[Time_diff:30ms Res_dict:map[你唱我和:你唱我和 你有权沉默:你有权沉默 你装饰了别人的梦:你装饰了别人的梦 你记得也好:你记得也好 你我相逢在黑夜的海上:你我相逢在黑夜的海上 你追我赶:你追我赶 你死我活:你死我活 你言我语:你言我语]]
2018/05/02 21:17:34.062 [1;44m[D] [server.go:2619] 123.120.8.49 - - [02/May/2018 09:17:34] "GET /search_match/?query=%E4%BD%A0 HTTP/1.1 200 0" 0.000737  Mozilla/5.0 (Windows NT 6.1; WOW64) AppleWebKit/537.36 (KHTML, like Gecko) Chrome/63.0.3239.84 Safari/537.36
[0m
2018-05-02 21:17:34.249886797 +0800 CST m=+152.395389985
2018-05-02 21:17:34.249924078 +0800 CST m=+152.395427281
2018/05/02 21:17:34 &{37ms map[你有权沉默:你有权沉默 你装饰了别人的梦:你装饰了别人的梦 你记得也好:你记得也好 你我相逢在黑夜的海上:你我相逢在黑夜的海上 你追我赶:你追我赶 你死我活:你死我活 你言我语:你言我语 你唱我和:你唱我和]}
2018/05/02 21:17:34 map[Time_diff:37ms Res_dict:map[你我相逢在黑夜的海上:你我相逢在黑夜的海上 你追我赶:你追我赶 你死我活:你死我活 你言我语:你言我语 你唱我和:你唱我和 你有权沉默:你有权沉默 你装饰了别人的梦:你装饰了别人的梦 你记得也好:你记得也好]]
2018/05/02 21:17:34.250 [1;44m[D] [server.go:2619] 123.120.8.49 - - [02/May/2018 09:17:34] "GET /search_match/?query=%E4%BD%A0 HTTP/1.1 200 0" 0.000220  Mozilla/5.0 (Windows NT 6.1; WOW64) AppleWebKit/537.36 (KHTML, like Gecko) Chrome/63.0.3239.84 Safari/537.36
[0m
2018-05-02 21:17:34.438109412 +0800 CST m=+152.583612599
2018-05-02 21:17:34.438148216 +0800 CST m=+152.583651415
2018/05/02 21:17:34 &{38ms map[你我相逢在黑夜的海上:你我相逢在黑夜的海上 你追我赶:你追我赶 你死我活:你死我活 你言我语:你言我语 你唱我和:你唱我和 你有权沉默:你有权沉默 你装饰了别人的梦:你装饰了别人的梦 你记得也好:你记得也好]}
2018/05/02 21:17:34 map[Time_diff:38ms Res_dict:map[你追我赶:你追我赶 你死我活:你死我活 你言我语:你言我语 你唱我和:你唱我和 你有权沉默:你有权沉默 你装饰了别人的梦:你装饰了别人的梦 你记得也好:你记得也好 你我相逢在黑夜的海上:你我相逢在黑夜的海上]]
2018/05/02 21:17:34.438 [1;44m[D] [server.go:2619] 123.120.8.49 - - [02/May/2018 09:17:34] "GET /search_match/?query=%E4%BD%A0 HTTP/1.1 200 0" 0.000639  Mozilla/5.0 (Windows NT 6.1; WOW64) AppleWebKit/537.36 (KHTML, like Gecko) Chrome/63.0.3239.84 Safari/537.36
[0m
2018-05-02 21:17:34.629495711 +0800 CST m=+152.774998933
2018-05-02 21:17:34.629531284 +0800 CST m=+152.775034480
2018/05/02 21:17:34 &{35ms map[你我相逢在黑夜的海上:你我相逢在黑夜的海上 你追我赶:你追我赶 你死我活:你死我活 你言我语:你言我语 你唱我和:你唱我和 你有权沉默:你有权沉默 你装饰了别人的梦:你装饰了别人的梦 你记得也好:你记得也好]}
2018/05/02 21:17:34 map[Time_diff:35ms Res_dict:map[你追我赶:你追我赶 你死我活:你死我活 你言我语:你言我语 你唱我和:你唱我和 你有权沉默:你有权沉默 你装饰了别人的梦:你装饰了别人的梦 你记得也好:你记得也好 你我相逢在黑夜的海上:你我相逢在黑夜的海上]]
2018/05/02 21:17:34.629 [1;44m[D] [server.go:2619] 123.120.8.49 - - [02/May/2018 09:17:34] "GET /search_match/?query=%E4%BD%A0 HTTP/1.1 200 0" 0.000225  Mozilla/5.0 (Windows NT 6.1; WOW64) AppleWebKit/537.36 (KHTML, like Gecko) Chrome/63.0.3239.84 Safari/537.36
[0m
2018-05-02 21:17:34.814409035 +0800 CST m=+152.959912338
2018-05-02 21:17:34.814439397 +0800 CST m=+152.959942617
2018/05/02 21:17:34 &{30ms map[你装饰了别人的梦:你装饰了别人的梦 你记得也好:你记得也好 你我相逢在黑夜的海上:你我相逢在黑夜的海上 你追我赶:你追我赶 你死我活:你死我活 你言我语:你言我语 你唱我和:你唱我和 你有权沉默:你有权沉默]}
2018/05/02 21:17:34 map[Time_diff:30ms Res_dict:map[你唱我和:你唱我和 你有权沉默:你有权沉默 你装饰了别人的梦:你装饰了别人的梦 你记得也好:你记得也好 你我相逢在黑夜的海上:你我相逢在黑夜的海上 你追我赶:你追我赶 你死我活:你死我活 你言我语:你言我语]]
2018/05/02 21:17:34.814 [1;44m[D] [server.go:2619] 123.120.8.49 - - [02/May/2018 09:17:34] "GET /search_match/?query=%E4%BD%A0 HTTP/1.1 200 0" 0.000227  Mozilla/5.0 (Windows NT 6.1; WOW64) AppleWebKit/537.36 (KHTML, like Gecko) Chrome/63.0.3239.84 Safari/537.36
[0m
2018-05-02 21:17:35.00116837 +0800 CST m=+153.146671559
2018-05-02 21:17:35.001196491 +0800 CST m=+153.146699689
2018/05/02 21:17:35 &{28ms map[你死我活:你死我活 你言我语:你言我语 你唱我和:你唱我和 你有权沉默:你有权沉默 你装饰了别人的梦:你装饰了别人的梦 你记得也好:你记得也好 你我相逢在黑夜的海上:你我相逢在黑夜的海上 你追我赶:你追我赶]}
2018/05/02 21:17:35 map[Res_dict:map[你言我语:你言我语 你唱我和:你唱我和 你有权沉默:你有权沉默 你装饰了别人的梦:你装饰了别人的梦 你记得也好:你记得也好 你我相逢在黑夜的海上:你我相逢在黑夜的海上 你追我赶:你追我赶 你死我活:你死我活] Time_diff:28ms]
2018/05/02 21:17:35.001 [1;44m[D] [server.go:2619] 123.120.8.49 - - [02/May/2018 09:17:35] "GET /search_match/?query=%E4%BD%A0 HTTP/1.1 200 0" 0.000723  Mozilla/5.0 (Windows NT 6.1; WOW64) AppleWebKit/537.36 (KHTML, like Gecko) Chrome/63.0.3239.84 Safari/537.36
[0m
2018-05-02 21:17:35.191388151 +0800 CST m=+153.336891348
2018-05-02 21:17:35.191427761 +0800 CST m=+153.336930974
2018/05/02 21:17:35 &{39ms map[你唱我和:你唱我和 你有权沉默:你有权沉默 你装饰了别人的梦:你装饰了别人的梦 你记得也好:你记得也好 你我相逢在黑夜的海上:你我相逢在黑夜的海上 你追我赶:你追我赶 你死我活:你死我活 你言我语:你言我语]}
2018/05/02 21:17:35 map[Time_diff:39ms Res_dict:map[你唱我和:你唱我和 你有权沉默:你有权沉默 你装饰了别人的梦:你装饰了别人的梦 你记得也好:你记得也好 你我相逢在黑夜的海上:你我相逢在黑夜的海上 你追我赶:你追我赶 你死我活:你死我活 你言我语:你言我语]]
2018/05/02 21:17:35.191 [1;44m[D] [server.go:2619] 123.120.8.49 - - [02/May/2018 09:17:35] "GET /search_match/?query=%E4%BD%A0 HTTP/1.1 200 0" 0.000215  Mozilla/5.0 (Windows NT 6.1; WOW64) AppleWebKit/537.36 (KHTML, like Gecko) Chrome/63.0.3239.84 Safari/537.36
[0m
2018-05-02 21:17:35.383327223 +0800 CST m=+153.528830418
2018-05-02 21:17:35.383355267 +0800 CST m=+153.528858464
2018/05/02 21:17:35 &{28ms map[你追我赶:你追我赶 你死我活:你死我活 你言我语:你言我语 你唱我和:你唱我和 你有权沉默:你有权沉默 你装饰了别人的梦:你装饰了别人的梦 你记得也好:你记得也好 你我相逢在黑夜的海上:你我相逢在黑夜的海上]}
2018/05/02 21:17:35 map[Time_diff:28ms Res_dict:map[你装饰了别人的梦:你装饰了别人的梦 你记得也好:你记得也好 你我相逢在黑夜的海上:你我相逢在黑夜的海上 你追我赶:你追我赶 你死我活:你死我活 你言我语:你言我语 你唱我和:你唱我和 你有权沉默:你有权沉默]]
2018/05/02 21:17:35.383 [1;44m[D] [server.go:2619] 123.120.8.49 - - [02/May/2018 09:17:35] "GET /search_match/?query=%E4%BD%A0 HTTP/1.1 200 0" 0.000634  Mozilla/5.0 (Windows NT 6.1; WOW64) AppleWebKit/537.36 (KHTML, like Gecko) Chrome/63.0.3239.84 Safari/537.36
[0m
2018-05-02 21:17:35.574642315 +0800 CST m=+153.720145504
2018-05-02 21:17:35.574669006 +0800 CST m=+153.720172207
2018/05/02 21:17:35 &{26ms map[你有权沉默:你有权沉默 你装饰了别人的梦:你装饰了别人的梦 你记得也好:你记得也好 你我相逢在黑夜的海上:你我相逢在黑夜的海上 你追我赶:你追我赶 你死我活:你死我活 你言我语:你言我语 你唱我和:你唱我和]}
2018/05/02 21:17:35 map[Time_diff:26ms Res_dict:map[你有权沉默:你有权沉默 你装饰了别人的梦:你装饰了别人的梦 你记得也好:你记得也好 你我相逢在黑夜的海上:你我相逢在黑夜的海上 你追我赶:你追我赶 你死我活:你死我活 你言我语:你言我语 你唱我和:你唱我和]]
2018/05/02 21:17:35.575 [1;44m[D] [server.go:2619] 123.120.8.49 - - [02/May/2018 09:17:35] "GET /search_match/?query=%E4%BD%A0 HTTP/1.1 200 0" 0.000638  Mozilla/5.0 (Windows NT 6.1; WOW64) AppleWebKit/537.36 (KHTML, like Gecko) Chrome/63.0.3239.84 Safari/537.36
[0m
2018-05-02 21:17:35.771992999 +0800 CST m=+153.917496200
2018-05-02 21:17:35.772019908 +0800 CST m=+153.917523105
2018/05/02 21:17:35 &{26ms map[你追我赶:你追我赶 你死我活:你死我活 你言我语:你言我语 你唱我和:你唱我和 你有权沉默:你有权沉默 你装饰了别人的梦:你装饰了别人的梦 你记得也好:你记得也好 你我相逢在黑夜的海上:你我相逢在黑夜的海上]}
2018/05/02 21:17:35 map[Res_dict:map[你唱我和:你唱我和 你有权沉默:你有权沉默 你装饰了别人的梦:你装饰了别人的梦 你记得也好:你记得也好 你我相逢在黑夜的海上:你我相逢在黑夜的海上 你追我赶:你追我赶 你死我活:你死我活 你言我语:你言我语] Time_diff:26ms]
2018/05/02 21:17:35.772 [1;44m[D] [server.go:2619] 123.120.8.49 - - [02/May/2018 09:17:35] "GET /search_match/?query=%E4%BD%A0 HTTP/1.1 200 0" 0.000219  Mozilla/5.0 (Windows NT 6.1; WOW64) AppleWebKit/537.36 (KHTML, like Gecko) Chrome/63.0.3239.84 Safari/537.36
[0m
2018-05-02 21:17:35.961813152 +0800 CST m=+154.107316349
2018-05-02 21:17:35.961839178 +0800 CST m=+154.107342376
2018/05/02 21:17:35 &{26ms map[你有权沉默:你有权沉默 你装饰了别人的梦:你装饰了别人的梦 你记得也好:你记得也好 你我相逢在黑夜的海上:你我相逢在黑夜的海上 你追我赶:你追我赶 你死我活:你死我活 你言我语:你言我语 你唱我和:你唱我和]}
2018/05/02 21:17:35 map[Time_diff:26ms Res_dict:map[你死我活:你死我活 你言我语:你言我语 你唱我和:你唱我和 你有权沉默:你有权沉默 你装饰了别人的梦:你装饰了别人的梦 你记得也好:你记得也好 你我相逢在黑夜的海上:你我相逢在黑夜的海上 你追我赶:你追我赶]]
2018/05/02 21:17:35.962 [1;44m[D] [server.go:2619] 123.120.8.49 - - [02/May/2018 09:17:35] "GET /search_match/?query=%E4%BD%A0 HTTP/1.1 200 0" 0.000743  Mozilla/5.0 (Windows NT 6.1; WOW64) AppleWebKit/537.36 (KHTML, like Gecko) Chrome/63.0.3239.84 Safari/537.36
[0m
2018-05-02 21:17:36.158519535 +0800 CST m=+154.304022723
2018-05-02 21:17:36.158546144 +0800 CST m=+154.304049346
2018/05/02 21:17:36 &{26ms map[你追我赶:你追我赶 你死我活:你死我活 你言我语:你言我语 你唱我和:你唱我和 你有权沉默:你有权沉默 你装饰了别人的梦:你装饰了别人的梦 你记得也好:你记得也好 你我相逢在黑夜的海上:你我相逢在黑夜的海上]}
2018/05/02 21:17:36 map[Time_diff:26ms Res_dict:map[你我相逢在黑夜的海上:你我相逢在黑夜的海上 你追我赶:你追我赶 你死我活:你死我活 你言我语:你言我语 你唱我和:你唱我和 你有权沉默:你有权沉默 你装饰了别人的梦:你装饰了别人的梦 你记得也好:你记得也好]]
2018/05/02 21:17:36.160 [1;44m[D] [server.go:2619] 123.120.8.49 - - [02/May/2018 09:17:36] "GET /search_match/?query=%E4%BD%A0 HTTP/1.1 200 0" 0.002070  Mozilla/5.0 (Windows NT 6.1; WOW64) AppleWebKit/537.36 (KHTML, like Gecko) Chrome/63.0.3239.84 Safari/537.36
[0m
2018-05-02 21:17:36.337740221 +0800 CST m=+154.483243455
2018-05-02 21:17:36.337768069 +0800 CST m=+154.483271288
2018/05/02 21:17:36 &{27ms map[你有权沉默:你有权沉默 你装饰了别人的梦:你装饰了别人的梦 你记得也好:你记得也好 你我相逢在黑夜的海上:你我相逢在黑夜的海上 你追我赶:你追我赶 你死我活:你死我活 你言我语:你言我语 你唱我和:你唱我和]}
2018/05/02 21:17:36 map[Time_diff:27ms Res_dict:map[你追我赶:你追我赶 你死我活:你死我活 你言我语:你言我语 你唱我和:你唱我和 你有权沉默:你有权沉默 你装饰了别人的梦:你装饰了别人的梦 你记得也好:你记得也好 你我相逢在黑夜的海上:你我相逢在黑夜的海上]]
2018/05/02 21:17:36.337 [1;44m[D] [server.go:2619] 123.120.8.49 - - [02/May/2018 09:17:36] "GET /search_match/?query=%E4%BD%A0 HTTP/1.1 200 0" 0.000207  Mozilla/5.0 (Windows NT 6.1; WOW64) AppleWebKit/537.36 (KHTML, like Gecko) Chrome/63.0.3239.84 Safari/537.36
[0m
2018-05-02 21:17:36.549097888 +0800 CST m=+154.694601076
2018-05-02 21:17:36.549123956 +0800 CST m=+154.694627154
2018/05/02 21:17:36 &{26ms map[你我相逢在黑夜的海上:你我相逢在黑夜的海上 你追我赶:你追我赶 你死我活:你死我活 你言我语:你言我语 你唱我和:你唱我和 你有权沉默:你有权沉默 你装饰了别人的梦:你装饰了别人的梦 你记得也好:你记得也好]}
2018/05/02 21:17:36 map[Time_diff:26ms Res_dict:map[你记得也好:你记得也好 你我相逢在黑夜的海上:你我相逢在黑夜的海上 你追我赶:你追我赶 你死我活:你死我活 你言我语:你言我语 你唱我和:你唱我和 你有权沉默:你有权沉默 你装饰了别人的梦:你装饰了别人的梦]]
2018/05/02 21:17:36.549 [1;44m[D] [server.go:2619] 123.120.8.49 - - [02/May/2018 09:17:36] "GET /search_match/?query=%E4%BD%A0 HTTP/1.1 200 0" 0.000200  Mozilla/5.0 (Windows NT 6.1; WOW64) AppleWebKit/537.36 (KHTML, like Gecko) Chrome/63.0.3239.84 Safari/537.36
[0m
2018-05-02 21:17:36.729950856 +0800 CST m=+154.875454069
2018-05-02 21:17:36.729979602 +0800 CST m=+154.875482798
2018/05/02 21:17:36 &{28ms map[你唱我和:你唱我和 你有权沉默:你有权沉默 你装饰了别人的梦:你装饰了别人的梦 你记得也好:你记得也好 你我相逢在黑夜的海上:你我相逢在黑夜的海上 你追我赶:你追我赶 你死我活:你死我活 你言我语:你言我语]}
2018/05/02 21:17:36 map[Time_diff:28ms Res_dict:map[你有权沉默:你有权沉默 你装饰了别人的梦:你装饰了别人的梦 你记得也好:你记得也好 你我相逢在黑夜的海上:你我相逢在黑夜的海上 你追我赶:你追我赶 你死我活:你死我活 你言我语:你言我语 你唱我和:你唱我和]]
2018/05/02 21:17:36.730 [1;44m[D] [server.go:2619] 123.120.8.49 - - [02/May/2018 09:17:36] "GET /search_match/?query=%E4%BD%A0 HTTP/1.1 200 0" 0.000222  Mozilla/5.0 (Windows NT 6.1; WOW64) AppleWebKit/537.36 (KHTML, like Gecko) Chrome/63.0.3239.84 Safari/537.36
[0m
2018-05-02 21:17:39.129544609 +0800 CST m=+157.275047798
2018-05-02 21:17:39.12957164 +0800 CST m=+157.275074837
2018/05/02 21:17:39 &{27ms map[你记得也好:你记得也好 你我相逢在黑夜的海上:你我相逢在黑夜的海上 你追我赶:你追我赶 你死我活:你死我活 你言我语:你言我语 你唱我和:你唱我和 你有权沉默:你有权沉默 你装饰了别人的梦:你装饰了别人的梦]}
2018/05/02 21:17:39 map[Time_diff:27ms Res_dict:map[你死我活:你死我活 你言我语:你言我语 你唱我和:你唱我和 你有权沉默:你有权沉默 你装饰了别人的梦:你装饰了别人的梦 你记得也好:你记得也好 你我相逢在黑夜的海上:你我相逢在黑夜的海上 你追我赶:你追我赶]]
2018/05/02 21:17:39.129 [1;44m[D] [server.go:2619] 61.129.6.71 - - [02/May/2018 09:17:39] "GET /search_match/?query=%E4%BD%A0 HTTP/1.1 200 0" 0.000240  Mozilla/5.0 (Windows NT 6.1; WOW64) AppleWebKit/537.36 (KHTML, like Gecko) Chrome/53.0.2785.104 Safari/537.36 Core/1.53.2141.400 QQBrowser/9.5.10219.400
[0m
2018-05-02 21:18:09.163898334 +0800 CST m=+187.309401522
2018-05-02 21:18:09.163917977 +0800 CST m=+187.309421188
2018/05/02 21:18:09 &{19ms map[马到成功:马到成功 马到功成:马到功成]}
2018/05/02 21:18:09 map[Time_diff:19ms Res_dict:map[马到成功:马到成功 马到功成:马到功成]]
2018/05/02 21:18:09.164 [1;44m[D] [server.go:2619] 123.120.8.49 - - [02/May/2018 09:18:09] "GET /search_match/?query=%E9%A9%AC%E5%88%B0 HTTP/1.1 200 0" 0.000623  Mozilla/5.0 (Windows NT 6.1; WOW64) AppleWebKit/537.36 (KHTML, like Gecko) Chrome/63.0.3239.84 Safari/537.36
[0m
2018-05-02 21:18:11.509039807 +0800 CST m=+189.654543012
2018-05-02 21:18:11.509617137 +0800 CST m=+189.655120402
2018/05/02 21:18:11 &{577ms map[马尔地夫短额鮃:马尔地夫短额鮃 马苏里拉:马苏里拉 马达加斯加螣:马达加斯加螣 马氏杆:马氏杆 马来酸依那普利片:马来酸依那普利片 马燕红:马燕红 马可:马可 马蹄松:马蹄松 马尾松点尺蛾:马尾松点尺蛾 马尔布鲁克绿猴:马尔布鲁克绿猴 马苏骨鮡:马苏骨鮡 马岛獴属:马岛獴属 马来酸氯苯那敏片:马来酸氯苯那敏片 马斯洛:马斯洛 马玉麟:马玉麟 马拉多拉:马拉多拉 马乳带轻霜:马乳带轻霜 马桑叶:马桑叶 马鞭草:马鞭草 马齿叶亦繁:马齿叶亦繁 马昂:马昂 马岱:马岱 马谛氏:马谛氏 马宁:马宁 马世芳:马世芳 马铃薯块茎蛾:马铃薯块茎蛾 马德兴:马德兴 马邑:马邑 马毛带雪汗气蒸:马毛带雪汗气蒸 马应龙麝香痔疮膏:马应龙麝香痔疮膏 马拉维非洲盲刺鳅:马拉维非洲盲刺鳅 马仔:马仔 马烧麦:马烧麦 马三立:马三立 马瀛:马瀛 马托格罗索美洲狮:马托格罗索美洲狮 马蹄糕:马蹄糕 马莉:马莉 马树华:马树华 马格南:马格南 马钱子碱:马钱子碱 马放南山:马放南山 马苏金枪鱼:马苏金枪鱼 马来酸氟伏沙明片:马来酸氟伏沙明片 马来酸依那普利胶囊:马来酸依那普利胶囊 马塔法海蠋鱼:马塔法海蠋鱼 马鸿逵:马鸿逵 马鞍珠点弹:马鞍珠点弹 马忠:马忠 马库什权利要求:马库什权利要求 马达加斯加叶鼻蝠:马达加斯加叶鼻蝠 马达加斯加叶尾守宫:马达加斯加叶尾守宫 马氏毛粒蟹:马氏毛粒蟹 马芳:马芳 马士兵:马士兵 马奶子酒:马奶子酒 马修斯:马修斯 马蔺子素胶囊:马蔺子素胶囊 马略卡牧羊犬:马略卡牧羊犬 马达加斯加侏儒河马:马达加斯加侏儒河马 马达加斯加长尾灵猫:马达加斯加长尾灵猫 马臻:马臻 马雷马牧羊犬:马雷马牧羊犬 马努鹦哥:马努鹦哥 马努蚁鸟:马努蚁鸟 马遵:马遵 马少华:马少华 马明博:马明博 马蹄经雨不沾尘:马蹄经雨不沾尘 马鑫:马鑫 马维尔细小银汉鱼:马维尔细小银汉鱼 马提尼:马提尼 马家烧麦:马家烧麦 马来酸罗格列酮片:马来酸罗格列酮片 马耳他刑事法典:马耳他刑事法典 马铃薯二十八星瓢虫:马铃薯二十八星瓢虫 马尼托巴湖狼:马尼托巴湖狼 马尾综合征:马尾综合征 马约翰:马约翰 马达加斯加残趾虎:马达加斯加残趾虎 马达加斯加长清齿宝螺:马达加斯加长清齿宝螺 马来酸多潘立酮:马来酸多潘立酮 马长海:马长海 马到功成:马到功成 马嵬坡下泥土中:马嵬坡下泥土中 马奇诺:马奇诺 马蹄蛋糕:马蹄蛋糕 马哥教育:马哥教育 马耳他卷毛狮子犬:马耳他卷毛狮子犬 马刚:马刚 马斌:马斌 马钱子散:马钱子散 马国翰:马国翰 马海德:马海德 马肉米粉:马肉米粉 马琬:马琬 马璧:马璧 马家烧卖:马家烧卖 马蒂尔达角腹蛇:马蒂尔达角腹蛇 马普替林:马普替林 马婧:马婧 马达加斯加番茄蛙:马达加斯加番茄蛙 马骏:马骏 马奇莫鳄:马奇莫鳄 马宇:马宇 马延:马延 马来酸左旋氨氯地平片:马来酸左旋氨氯地平片 马兜铃酸:马兜铃酸 马自达普力马:马自达普力马 马不停蹄:马不停蹄 马赫迪:马赫迪 马尿泡:马尿泡 马玩:马玩 马来亚长臂猿:马来亚长臂猿 马拉硫磷:马拉硫磷 马尾松梢小蠹:马尾松梢小蠹 马来西亚巨龟:马来西亚巨龟 马端临:马端临 马师曾:马师曾 马励武:马励武 马天越:马天越 马拉摩特雪橇犬:马拉摩特雪橇犬 马拉糕:马拉糕 马肃:马肃 马兆麟:马兆麟 马尔康准黄斑蜂:马尔康准黄斑蜂 马踏春泥半是花:马踏春泥半是花 马前泼水:马前泼水 马奶酒:马奶酒 马边四极虫:马边四极虫 马林剑尾鱼:马林剑尾鱼 马蹄肾:马蹄肾 马努斯草鸮:马努斯草鸮 马齿苋:马齿苋 马尾蟹:马尾蟹 马良:马良 马景涛:马景涛 马勃:马勃 马槟榔:马槟榔 马丹:马丹 马相伯:马相伯 马雪:马雪 马首是瞻:马首是瞻 马骄偏避幰:马骄偏避幰 马斯卡林瓣蹼鹬:马斯卡林瓣蹼鹬 马融:马融 马凯尔:马凯尔 马偕:马偕 马来西亚巨人蜈蚣:马来西亚巨人蜈蚣 马到成功:马到成功 马赫带效应:马赫带效应 马格达河副项鳍鲶:马格达河副项鳍鲶 马胜利:马胜利 马汉:马汉 马均:马均 马新贻:马新贻 马守真:马守真 马艳丽:马艳丽 马祥兴菜馆:马祥兴菜馆 马达加斯加潜鸭:马达加斯加潜鸭 马达加斯加岛副狮:马达加斯加岛副狮 马之千里者:马之千里者 马作的卢飞快:马作的卢飞快 马郁:马郁 马超俊:马超俊 马思边草拳毛动:马思边草拳毛动 马尔马拉湖奈波鰕:马尔马拉湖奈波鰕 马晓年:马晓年 马尾松梢小卷蛾:马尾松梢小卷蛾 马嘶人语长亭白:马嘶人语长亭白 马达加斯加果蝠:马达加斯加果蝠 马略卡獒:马略卡獒 马荣祖:马荣祖 马留:马留 马卡洛夫:马卡洛夫 马自达劲翔:马自达劲翔 马利琉璃灰蝶:马利琉璃灰蝶 马特西亚斯:马特西亚斯 马尔克斯:马尔克斯 马寅初:马寅初 马氏近泉戎:马氏近泉戎 马一龙:马一龙 马稷:马稷 马穿山径菊初黄:马穿山径菊初黄 马晓春:马晓春 马锦:马锦 马贵林隆背狮子鱼:马贵林隆背狮子鱼 马特乌斯:马特乌斯 马伦:马伦 马尔科夫链:马尔科夫链 马尔蒂尼:马尔蒂尼 马兵:马兵 马注:马注 马拉雅湖宫丽鱼:马拉雅湖宫丽鱼 马苏大麻哈鱼河:马苏大麻哈鱼河 马公愚:马公愚 马来酸氯苯那敏注射液:马来酸氯苯那敏注射液 马来西亚雨林蝎:马来西亚雨林蝎 马叙伦:马叙伦 马自达八:马自达八 马克吐温:马克吐温 马晶:马晶 马达加斯加发声蟑螂:马达加斯加发声蟑螂 马耶墨头鱼:马耶墨头鱼 马方综合征:马方综合征 马晋:马晋 马中立:马中立 马蒙:马蒙 马锡五审判方式:马锡五审判方式 马国珍:马国珍 马鸣风萧萧:马鸣风萧萧 马聪玲:马聪玲 马上相逢无纸笔:马上相逢无纸笔 马钱苷:马钱苷 马克思:马克思 马尼托巴马鹿:马尼托巴马鹿 马来酸咪达唑仑片:马来酸咪达唑仑片 马化腾:马化腾 马义兴:马义兴 马革裹尸:马革裹尸 马应龙痔疮膏:马应龙痔疮膏 马虎面:马虎面 马士图:马士图 马尿酸:马尿酸 马约岛花蜜鸟:马约岛花蜜鸟 马之死者十二三矣:马之死者十二三矣 马来亚无尾蹄蝠:马来亚无尾蹄蝠 马托窜鸟:马托窜鸟 马云:马云 马赛鱼羹:马赛鱼羹 马克斯普朗克:马克斯普朗克 马国贤:马国贤 马千里:马千里 马玉仁:马玉仁 马世俊:马世俊 马尚:马尚 马铃薯冷汤:马铃薯冷汤 马国瀚:马国瀚 马打滚:马打滚 马方业:马方业 马蒂亚斯:马蒂亚斯 马歇尔岛拟雀鲷:马歇尔岛拟雀鲷 马雄镇:马雄镇 马文生:马文生 马尔三叶形虫:马尔三叶形虫 马信:马信 马来犬吻蝠属:马来犬吻蝠属 马来荧光裳凤蝶:马来荧光裳凤蝶 马铁:马铁 马健翎:马健翎 马乃司:马乃司 马氏鳄亚科:马氏鳄亚科 马记茶汤:马记茶汤 马牙肉:马牙肉 马克西:马克西 马季:马季 马达加斯加日守宫:马达加斯加日守宫 马来西亚大奖赛:马来西亚大奖赛 马祖光:马祖光 马雅可夫斯基:马雅可夫斯基 马殷:马殷 马蹄酥:马蹄酥 马麟:马麟 马拉多纳:马拉多纳 马鲁古樱蛤:马鲁古樱蛤 马达加斯加彩虹:马达加斯加彩虹 马俪文:马俪文 马踏棋盘:马踏棋盘 马马虎虎:马马虎虎 马约特卷尾:马约特卷尾 马希范:马希范 马卡连柯:马卡连柯 马达加斯加大头侧颈龟:马达加斯加大头侧颈龟 马应龙八宝眼粉:马应龙八宝眼粉 马利兰片:马利兰片 马思聪:马思聪 马国伟:马国伟 马达加斯加豹纹变色龙:马达加斯加豹纹变色龙 马来酸氨氯地平片:马来酸氨氯地平片 马宝:马宝 马基雅弗利主义:马基雅弗利主义 马氏钳蝎:马氏钳蝎 马康年:马康年 马自强:马自强 马格达莱纳侧颈龟:马格达莱纳侧颈龟 马前惆怅满枝红:马前惆怅满枝红 马岛沼泽苇莺:马岛沼泽苇莺 马斯卡林寿带鹟:马斯卡林寿带鹟 马援:马援 马钰:马钰 马拉雅拉姆语:马拉雅拉姆语 马腾:马腾 马元驭:马元驭 马鼎盛:马鼎盛 马谡:马谡 马丁路德金:马丁路德金 马查氏施韦茨丽鱼:马查氏施韦茨丽鱼 马纯:马纯 马彦祥:马彦祥 马特维耶维奇:马特维耶维奇 马霖:马霖 马烽:马烽 马力车重比:马力车重比 马前已被红旗引:马前已被红旗引 马愈:马愈 马氏漂浮海葵:马氏漂浮海葵 马林诺斯犬:马林诺斯犬 马尔地夫短额鲆:马尔地夫短额鲆 马达加斯加日间壁虎:马达加斯加日间壁虎 马丂宝螺:马丂宝螺 马其昶:马其昶 马铃薯沙拉:马铃薯沙拉 马里奥孔雀鱼:马里奥孔雀鱼 马英九:马英九 马士英:马士英 马伊琍:马伊琍 马来啸鸫:马来啸鸫 马全良:马全良 马石:马石 马陆银杏骨螺:马陆银杏骨螺 马达加斯加盲塘鳢:马达加斯加盲塘鳢 马绍荣:马绍荣 马岛小鸊鷉:马岛小鸊鷉 马本斋:马本斋 马冈鹅:马冈鹅 马宗汉:马宗汉 马来西亚海关:马来西亚海关 马跃:马跃 马连良:马连良 马拉近络新妇:马拉近络新妇 马里恩岛鮈南极鱼:马里恩岛鮈南极鱼 马尔顿:马尔顿 马邈:马邈 马伊俐:马伊俐 马伽迪斯芋螺:马伽迪斯芋螺]}
2018/05/02 21:18:11 map[Time_diff:577ms Res_dict:map[马燕红:马燕红 马可:马可 马蹄松:马蹄松 马尾松点尺蛾:马尾松点尺蛾 马玉麟:马玉麟 马拉多拉:马拉多拉 马乳带轻霜:马乳带轻霜 马尔布鲁克绿猴:马尔布鲁克绿猴 马苏骨鮡:马苏骨鮡 马岛獴属:马岛獴属 马来酸氯苯那敏片:马来酸氯苯那敏片 马斯洛:马斯洛 马桑叶:马桑叶 马鞭草:马鞭草 马齿叶亦繁:马齿叶亦繁 马昂:马昂 马德兴:马德兴 马岱:马岱 马谛氏:马谛氏 马宁:马宁 马世芳:马世芳 马铃薯块茎蛾:马铃薯块茎蛾 马邑:马邑 马毛带雪汗气蒸:马毛带雪汗气蒸 马应龙麝香痔疮膏:马应龙麝香痔疮膏 马拉维非洲盲刺鳅:马拉维非洲盲刺鳅 马仔:马仔 马莉:马莉 马树华:马树华 马格南:马格南 马烧麦:马烧麦 马三立:马三立 马瀛:马瀛 马托格罗索美洲狮:马托格罗索美洲狮 马蹄糕:马蹄糕 马钱子碱:马钱子碱 马鸿逵:马鸿逵 马鞍珠点弹:马鞍珠点弹 马忠:马忠 马放南山:马放南山 马苏金枪鱼:马苏金枪鱼 马来酸氟伏沙明片:马来酸氟伏沙明片 马来酸依那普利胶囊:马来酸依那普利胶囊 马塔法海蠋鱼:马塔法海蠋鱼 马士兵:马士兵 马奶子酒:马奶子酒 马库什权利要求:马库什权利要求 马达加斯加叶鼻蝠:马达加斯加叶鼻蝠 马达加斯加叶尾守宫:马达加斯加叶尾守宫 马氏毛粒蟹:马氏毛粒蟹 马芳:马芳 马修斯:马修斯 马蔺子素胶囊:马蔺子素胶囊 马略卡牧羊犬:马略卡牧羊犬 马努蚁鸟:马努蚁鸟 马遵:马遵 马少华:马少华 马达加斯加侏儒河马:马达加斯加侏儒河马 马达加斯加长尾灵猫:马达加斯加长尾灵猫 马臻:马臻 马雷马牧羊犬:马雷马牧羊犬 马努鹦哥:马努鹦哥 马明博:马明博 马蹄经雨不沾尘:马蹄经雨不沾尘 马鑫:马鑫 马维尔细小银汉鱼:马维尔细小银汉鱼 马提尼:马提尼 马尾综合征:马尾综合征 马家烧麦:马家烧麦 马来酸罗格列酮片:马来酸罗格列酮片 马耳他刑事法典:马耳他刑事法典 马铃薯二十八星瓢虫:马铃薯二十八星瓢虫 马尼托巴湖狼:马尼托巴湖狼 马到功成:马到功成 马嵬坡下泥土中:马嵬坡下泥土中 马奇诺:马奇诺 马约翰:马约翰 马达加斯加残趾虎:马达加斯加残趾虎 马达加斯加长清齿宝螺:马达加斯加长清齿宝螺 马来酸多潘立酮:马来酸多潘立酮 马长海:马长海 马蹄蛋糕:马蹄蛋糕 马哥教育:马哥教育 马耳他卷毛狮子犬:马耳他卷毛狮子犬 马刚:马刚 马斌:马斌 马钱子散:马钱子散 马国翰:马国翰 马海德:马海德 马肉米粉:马肉米粉 马琬:马琬 马璧:马璧 马家烧卖:马家烧卖 马蒂尔达角腹蛇:马蒂尔达角腹蛇 马普替林:马普替林 马婧:马婧 马达加斯加番茄蛙:马达加斯加番茄蛙 马骏:马骏 马奇莫鳄:马奇莫鳄 马宇:马宇 马延:马延 马尿泡:马尿泡 马来酸左旋氨氯地平片:马来酸左旋氨氯地平片 马兜铃酸:马兜铃酸 马自达普力马:马自达普力马 马不停蹄:马不停蹄 马赫迪:马赫迪 马玩:马玩 马来亚长臂猿:马来亚长臂猿 马拉硫磷:马拉硫磷 马尾松梢小蠹:马尾松梢小蠹 马拉摩特雪橇犬:马拉摩特雪橇犬 马拉糕:马拉糕 马肃:马肃 马来西亚巨龟:马来西亚巨龟 马端临:马端临 马师曾:马师曾 马励武:马励武 马天越:马天越 马兆麟:马兆麟 马尔康准黄斑蜂:马尔康准黄斑蜂 马踏春泥半是花:马踏春泥半是花 马前泼水:马前泼水 马奶酒:马奶酒 马尾蟹:马尾蟹 马边四极虫:马边四极虫 马林剑尾鱼:马林剑尾鱼 马蹄肾:马蹄肾 马努斯草鸮:马努斯草鸮 马齿苋:马齿苋 马相伯:马相伯 马良:马良 马景涛:马景涛 马勃:马勃 马槟榔:马槟榔 马丹:马丹 马凯尔:马凯尔 马雪:马雪 马首是瞻:马首是瞻 马骄偏避幰:马骄偏避幰 马斯卡林瓣蹼鹬:马斯卡林瓣蹼鹬 马融:马融 马胜利:马胜利 马汉:马汉 马均:马均 马偕:马偕 马来西亚巨人蜈蚣:马来西亚巨人蜈蚣 马到成功:马到成功 马赫带效应:马赫带效应 马格达河副项鳍鲶:马格达河副项鳍鲶 马新贻:马新贻 马守真:马守真 马艳丽:马艳丽 马祥兴菜馆:马祥兴菜馆 马超俊:马超俊 马思边草拳毛动:马思边草拳毛动 马达加斯加潜鸭:马达加斯加潜鸭 马达加斯加岛副狮:马达加斯加岛副狮 马之千里者:马之千里者 马作的卢飞快:马作的卢飞快 马郁:马郁 马尔马拉湖奈波鰕:马尔马拉湖奈波鰕 马晓年:马晓年 马尾松梢小卷蛾:马尾松梢小卷蛾 马嘶人语长亭白:马嘶人语长亭白 马达加斯加果蝠:马达加斯加果蝠 马略卡獒:马略卡獒 马荣祖:马荣祖 马留:马留 马卡洛夫:马卡洛夫 马自达劲翔:马自达劲翔 马利琉璃灰蝶:马利琉璃灰蝶 马特西亚斯:马特西亚斯 马穿山径菊初黄:马穿山径菊初黄 马尔克斯:马尔克斯 马寅初:马寅初 马氏近泉戎:马氏近泉戎 马一龙:马一龙 马稷:马稷 马晓春:马晓春 马锦:马锦 马贵林隆背狮子鱼:马贵林隆背狮子鱼 马特乌斯:马特乌斯 马伦:马伦 马尔科夫链:马尔科夫链 马尔蒂尼:马尔蒂尼 马兵:马兵 马注:马注 马拉雅湖宫丽鱼:马拉雅湖宫丽鱼 马自达八:马自达八 马克吐温:马克吐温 马晶:马晶 马苏大麻哈鱼河:马苏大麻哈鱼河 马公愚:马公愚 马来酸氯苯那敏注射液:马来酸氯苯那敏注射液 马来西亚雨林蝎:马来西亚雨林蝎 马叙伦:马叙伦 马蒙:马蒙 马锡五审判方式:马锡五审判方式 马国珍:马国珍 马达加斯加发声蟑螂:马达加斯加发声蟑螂 马耶墨头鱼:马耶墨头鱼 马方综合征:马方综合征 马晋:马晋 马中立:马中立 马鸣风萧萧:马鸣风萧萧 马聪玲:马聪玲 马上相逢无纸笔:马上相逢无纸笔 马钱苷:马钱苷 马克思:马克思 马尼托巴马鹿:马尼托巴马鹿 马虎面:马虎面 马士图:马士图 马尿酸:马尿酸 马来酸咪达唑仑片:马来酸咪达唑仑片 马化腾:马化腾 马义兴:马义兴 马革裹尸:马革裹尸 马应龙痔疮膏:马应龙痔疮膏 马赛鱼羹:马赛鱼羹 马约岛花蜜鸟:马约岛花蜜鸟 马之死者十二三矣:马之死者十二三矣 马来亚无尾蹄蝠:马来亚无尾蹄蝠 马托窜鸟:马托窜鸟 马云:马云 马克斯普朗克:马克斯普朗克 马国贤:马国贤 马国瀚:马国瀚 马千里:马千里 马玉仁:马玉仁 马世俊:马世俊 马尚:马尚 马铃薯冷汤:马铃薯冷汤 马文生:马文生 马打滚:马打滚 马方业:马方业 马蒂亚斯:马蒂亚斯 马歇尔岛拟雀鲷:马歇尔岛拟雀鲷 马雄镇:马雄镇 马健翎:马健翎 马乃司:马乃司 马尔三叶形虫:马尔三叶形虫 马信:马信 马来犬吻蝠属:马来犬吻蝠属 马来荧光裳凤蝶:马来荧光裳凤蝶 马铁:马铁 马氏鳄亚科:马氏鳄亚科 马记茶汤:马记茶汤 马牙肉:马牙肉 马克西:马克西 马季:马季 马蹄酥:马蹄酥 马麟:马麟 马拉多纳:马拉多纳 马达加斯加日守宫:马达加斯加日守宫 马来西亚大奖赛:马来西亚大奖赛 马祖光:马祖光 马雅可夫斯基:马雅可夫斯基 马殷:马殷 马鲁古樱蛤:马鲁古樱蛤 马达加斯加彩虹:马达加斯加彩虹 马俪文:马俪文 马踏棋盘:马踏棋盘 马马虎虎:马马虎虎 马约特卷尾:马约特卷尾 马思聪:马思聪 马国伟:马国伟 马希范:马希范 马卡连柯:马卡连柯 马达加斯加大头侧颈龟:马达加斯加大头侧颈龟 马应龙八宝眼粉:马应龙八宝眼粉 马利兰片:马利兰片 马达加斯加豹纹变色龙:马达加斯加豹纹变色龙 马来酸氨氯地平片:马来酸氨氯地平片 马宝:马宝 马基雅弗利主义:马基雅弗利主义 马氏钳蝎:马氏钳蝎 马康年:马康年 马自强:马自强 马格达莱纳侧颈龟:马格达莱纳侧颈龟 马前惆怅满枝红:马前惆怅满枝红 马岛沼泽苇莺:马岛沼泽苇莺 马斯卡林寿带鹟:马斯卡林寿带鹟 马援:马援 马钰:马钰 马拉雅拉姆语:马拉雅拉姆语 马腾:马腾 马纯:马纯 马元驭:马元驭 马鼎盛:马鼎盛 马谡:马谡 马丁路德金:马丁路德金 马查氏施韦茨丽鱼:马查氏施韦茨丽鱼 马彦祥:马彦祥 马特维耶维奇:马特维耶维奇 马霖:马霖 马烽:马烽 马力车重比:马力车重比 马前已被红旗引:马前已被红旗引 马愈:马愈 马氏漂浮海葵:马氏漂浮海葵 马林诺斯犬:马林诺斯犬 马里奥孔雀鱼:马里奥孔雀鱼 马尔地夫短额鲆:马尔地夫短额鲆 马达加斯加日间壁虎:马达加斯加日间壁虎 马丂宝螺:马丂宝螺 马其昶:马其昶 马铃薯沙拉:马铃薯沙拉 马英九:马英九 马士英:马士英 马伊琍:马伊琍 马来啸鸫:马来啸鸫 马全良:马全良 马石:马石 马陆银杏骨螺:马陆银杏骨螺 马宗汉:马宗汉 马达加斯加盲塘鳢:马达加斯加盲塘鳢 马绍荣:马绍荣 马岛小鸊鷉:马岛小鸊鷉 马本斋:马本斋 马冈鹅:马冈鹅 马来西亚海关:马来西亚海关 马跃:马跃 马连良:马连良 马拉近络新妇:马拉近络新妇 马里恩岛鮈南极鱼:马里恩岛鮈南极鱼 马尔顿:马尔顿 马邈:马邈 马伊俐:马伊俐 马伽迪斯芋螺:马伽迪斯芋螺 马尔地夫短额鮃:马尔地夫短额鮃 马苏里拉:马苏里拉 马达加斯加螣:马达加斯加螣 马氏杆:马氏杆 马来酸依那普利片:马来酸依那普利片]]
2018/05/02 21:18:11.511 [1;44m[D] [server.go:2619] 123.120.8.49 - - [02/May/2018 09:18:11] "GET /search_match/?query=%E9%A9%AC HTTP/1.1 200 0" 0.002421  Mozilla/5.0 (Windows NT 6.1; WOW64) AppleWebKit/537.36 (KHTML, like Gecko) Chrome/63.0.3239.84 Safari/537.36
[0m
2018-05-02 21:18:18.40812857 +0800 CST m=+196.553631759
2018-05-02 21:18:18.408659509 +0800 CST m=+196.554162717
2018/05/02 21:18:18 &{530ms map[马斯卡林瓣蹼鹬:马斯卡林瓣蹼鹬 马特乌斯:马特乌斯 马玩:马玩 马尔三叶形虫:马尔三叶形虫 马达加斯加彩虹:马达加斯加彩虹 马长海:马长海 马骏:马骏 马蹄经雨不沾尘:马蹄经雨不沾尘 马乃司:马乃司 马约翰:马约翰 马尾松梢小卷蛾:马尾松梢小卷蛾 马达加斯加叶尾守宫:马达加斯加叶尾守宫 马宁:马宁 马上相逢无纸笔:马上相逢无纸笔 马特西亚斯:马特西亚斯 马格南:马格南 马桑叶:马桑叶 马景涛:马景涛 马铃薯沙拉:马铃薯沙拉 马邑:马邑 马本斋:马本斋 马凯尔:马凯尔 马兵:马兵 马略卡獒:马略卡獒 马国瀚:马国瀚 马三立:马三立 马林剑尾鱼:马林剑尾鱼 马特维耶维奇:马特维耶维奇 马槟榔:马槟榔 马拉摩特雪橇犬:马拉摩特雪橇犬 马宝:马宝 马边四极虫:马边四极虫 马鼎盛:马鼎盛 马麟:马麟 马德兴:马德兴 马璧:马璧 马蹄肾:马蹄肾 马烽:马烽 马哥教育:马哥教育 马前泼水:马前泼水 马留:马留 马超俊:马超俊 马前惆怅满枝红:马前惆怅满枝红 马达加斯加岛副狮:马达加斯加岛副狮 马伽迪斯芋螺:马伽迪斯芋螺 马一龙:马一龙 马修斯:马修斯 马叙伦:马叙伦 马忠:马忠 马尼托巴马鹿:马尼托巴马鹿 马胜利:马胜利 马肉米粉:马肉米粉 马邈:马邈 马千里:马千里 马铁:马铁 马云:马云 马应龙麝香痔疮膏:马应龙麝香痔疮膏 马思聪:马思聪 马宗汉:马宗汉 马里恩岛鮈南极鱼:马里恩岛鮈南极鱼 马公愚:马公愚 马达加斯加潜鸭:马达加斯加潜鸭 马来西亚海关:马来西亚海关 马士图:马士图 马来酸左旋氨氯地平片:马来酸左旋氨氯地平片 马达加斯加侏儒河马:马达加斯加侏儒河马 马来荧光裳凤蝶:马来荧光裳凤蝶 马来酸依那普利胶囊:马来酸依那普利胶囊 马努蚁鸟:马努蚁鸟 马乳带轻霜:马乳带轻霜 马苏大麻哈鱼河:马苏大麻哈鱼河 马达加斯加日守宫:马达加斯加日守宫 马达加斯加发声蟑螂:马达加斯加发声蟑螂 马雄镇:马雄镇 马刚:马刚 马略卡牧羊犬:马略卡牧羊犬 马克思:马克思 马肃:马肃 马少华:马少华 马前已被红旗引:马前已被红旗引 马里奥孔雀鱼:马里奥孔雀鱼 马烧麦:马烧麦 马毛带雪汗气蒸:马毛带雪汗气蒸 马自强:马自强 马天越:马天越 马拉多纳:马拉多纳 马拉糕:马拉糕 马来酸氨氯地平片:马来酸氨氯地平片 马嘶人语长亭白:马嘶人语长亭白 马晋:马晋 马丂宝螺:马丂宝螺 马查氏施韦茨丽鱼:马查氏施韦茨丽鱼 马利兰片:马利兰片 马文生:马文生 马尾松点尺蛾:马尾松点尺蛾 马苏骨鮡:马苏骨鮡 马达加斯加日间壁虎:马达加斯加日间壁虎 马达加斯加长清齿宝螺:马达加斯加长清齿宝螺 马蹄酥:马蹄酥 马连良:马连良 马克斯普朗克:马克斯普朗克 马提尼:马提尼 马尾综合征:马尾综合征 马晓年:马晓年 马斌:马斌 马健翎:马健翎 马自达劲翔:马自达劲翔 马不停蹄:马不停蹄 马伦:马伦 马来酸依那普利片:马来酸依那普利片 马蒂亚斯:马蒂亚斯 马丁路德金:马丁路德金 马艳丽:马艳丽 马丹:马丹 马铃薯块茎蛾:马铃薯块茎蛾 马思边草拳毛动:马思边草拳毛动 马伊俐:马伊俐 马托格罗索美洲狮:马托格罗索美洲狮 马到功成:马到功成 马贵林隆背狮子鱼:马贵林隆背狮子鱼 马世芳:马世芳 马力车重比:马力车重比 马牙肉:马牙肉 马国贤:马国贤 马约岛花蜜鸟:马约岛花蜜鸟 马俪文:马俪文 马来西亚巨龟:马来西亚巨龟 马歇尔岛拟雀鲷:马歇尔岛拟雀鲷 马赛鱼羹:马赛鱼羹 马彦祥:马彦祥 马雪:马雪 马达加斯加番茄蛙:马达加斯加番茄蛙 马昂:马昂 马约特卷尾:马约特卷尾 马达加斯加豹纹变色龙:马达加斯加豹纹变色龙 马元驭:马元驭 马奇莫鳄:马奇莫鳄 马师曾:马师曾 马赫带效应:马赫带效应 马鞍珠点弹:马鞍珠点弹 马来西亚巨人蜈蚣:马来西亚巨人蜈蚣 马达加斯加大头侧颈龟:马达加斯加大头侧颈龟 马来酸氟伏沙明片:马来酸氟伏沙明片 马来啸鸫:马来啸鸫 马石:马石 马化腾:马化腾 马稷:马稷 马应龙八宝眼粉:马应龙八宝眼粉 马均:马均 马端临:马端临 马之千里者:马之千里者 马来犬吻蝠属:马来犬吻蝠属 马良:马良 马蹄松:马蹄松 马注:马注 马赫迪:马赫迪 马克吐温:马克吐温 马相伯:马相伯 马芳:马芳 马荣祖:马荣祖 马苏里拉:马苏里拉 马达加斯加残趾虎:马达加斯加残趾虎 马塔法海蠋鱼:马塔法海蠋鱼 马鸿逵:马鸿逵 马可:马可 马奶酒:马奶酒 马尔克斯:马尔克斯 马打滚:马打滚 马基雅弗利主义:马基雅弗利主义 马达加斯加果蝠:马达加斯加果蝠 马雷马牧羊犬:马雷马牧羊犬 马自达八:马自达八 马拉雅湖宫丽鱼:马拉雅湖宫丽鱼 马钱子碱:马钱子碱 马奶子酒:马奶子酒 马晓春:马晓春 马蒙:马蒙 马维尔细小银汉鱼:马维尔细小银汉鱼 马国翰:马国翰 马尔地夫短额鮃:马尔地夫短额鮃 马康年:马康年 马齿苋:马齿苋 马来酸氯苯那敏片:马来酸氯苯那敏片 马应龙痔疮膏:马应龙痔疮膏 马钱苷:马钱苷 马方综合征:马方综合征 马兜铃酸:马兜铃酸 马蹄蛋糕:马蹄蛋糕 马海德:马海德 马尔马拉湖奈波鰕:马尔马拉湖奈波鰕 马来酸氯苯那敏注射液:马来酸氯苯那敏注射液 马来酸多潘立酮:马来酸多潘立酮 马岛沼泽苇莺:马岛沼泽苇莺 马谛氏:马谛氏 马蒂尔达角腹蛇:马蒂尔达角腹蛇 马其昶:马其昶 马卡连柯:马卡连柯 马绍荣:马绍荣 马到成功:马到成功 马勃:马勃 马努鹦哥:马努鹦哥 马兆麟:马兆麟 马达加斯加盲塘鳢:马达加斯加盲塘鳢 马守真:马守真 马瀛:马瀛 马纯:马纯 马寅初:马寅初 马方业:马方业 马尿泡:马尿泡 马汉:马汉 马卡洛夫:马卡洛夫 马斯卡林寿带鹟:马斯卡林寿带鹟 马融:马融 马岱:马岱 马耳他卷毛狮子犬:马耳他卷毛狮子犬 马格达莱纳侧颈龟:马格达莱纳侧颈龟 马尿酸:马尿酸 马偕:马偕 马氏近泉戎:马氏近泉戎 马明博:马明博 马祖光:马祖光 马锦:马锦 马穿山径菊初黄:马穿山径菊初黄 马铃薯二十八星瓢虫:马铃薯二十八星瓢虫 马耶墨头鱼:马耶墨头鱼 马来亚无尾蹄蝠:马来亚无尾蹄蝠 马尚:马尚 马希范:马希范 马嵬坡下泥土中:马嵬坡下泥土中 马冈鹅:马冈鹅 马树华:马树华 马尔蒂尼:马尔蒂尼 马义兴:马义兴 马马虎虎:马马虎虎 马氏漂浮海葵:马氏漂浮海葵 马援:马援 马奇诺:马奇诺 马蹄糕:马蹄糕 马踏棋盘:马踏棋盘 马士英:马士英 马霖:马霖 马家烧卖:马家烧卖 马钰:马钰 马库什权利要求:马库什权利要求 马鑫:马鑫 马作的卢飞快:马作的卢飞快 马愈:马愈 马婧:马婧 马尔地夫短额鲆:马尔地夫短额鲆 马岛獴属:马岛獴属 马聪玲:马聪玲 马郁:马郁 马苏金枪鱼:马苏金枪鱼 马达加斯加长尾灵猫:马达加斯加长尾灵猫 马英九:马英九 马玉仁:马玉仁 马莉:马莉 马自达普力马:马自达普力马 马尔科夫链:马尔科夫链 马达加斯加螣:马达加斯加螣 马斯洛:马斯洛 马世俊:马世俊 马氏毛粒蟹:马氏毛粒蟹 马来亚长臂猿:马来亚长臂猿 马全良:马全良 马革裹尸:马革裹尸 马遵:马遵 马仔:马仔 马尔康准黄斑蜂:马尔康准黄斑蜂 马氏钳蝎:马氏钳蝎 马来西亚雨林蝎:马来西亚雨林蝎 马晶:马晶 马士兵:马士兵 马腾:马腾 马托窜鸟:马托窜鸟 马中立:马中立 马跃:马跃 马利琉璃灰蝶:马利琉璃灰蝶 马克西:马克西 马家烧麦:马家烧麦 马达加斯加叶鼻蝠:马达加斯加叶鼻蝠 马骄偏避幰:马骄偏避幰 马之死者十二三矣:马之死者十二三矣 马臻:马臻 马新贻:马新贻 马耳他刑事法典:马耳他刑事法典 马国珍:马国珍 马岛小鸊鷉:马岛小鸊鷉 马鸣风萧萧:马鸣风萧萧 马殷:马殷 马琬:马琬 马拉雅拉姆语:马拉雅拉姆语 马锡五审判方式:马锡五审判方式 马季:马季 马谡:马谡 马玉麟:马玉麟 马拉多拉:马拉多拉 马齿叶亦繁:马齿叶亦繁 马尾松梢小蠹:马尾松梢小蠹 马记茶汤:马记茶汤 马雅可夫斯基:马雅可夫斯基 马鞭草:马鞭草 马首是瞻:马首是瞻 马来西亚大奖赛:马来西亚大奖赛 马踏春泥半是花:马踏春泥半是花 马尼托巴湖狼:马尼托巴湖狼 马放南山:马放南山 马尔布鲁克绿猴:马尔布鲁克绿猴 马虎面:马虎面 马励武:马励武 马格达河副项鳍鲶:马格达河副项鳍鲶 马伊琍:马伊琍 马来酸罗格列酮片:马来酸罗格列酮片 马尾蟹:马尾蟹 马国伟:马国伟 马鲁古樱蛤:马鲁古樱蛤 马蔺子素胶囊:马蔺子素胶囊 马宇:马宇 马努斯草鸮:马努斯草鸮 马拉硫磷:马拉硫磷 马祥兴菜馆:马祥兴菜馆 马氏杆:马氏杆 马燕红:马燕红 马林诺斯犬:马林诺斯犬 马普替林:马普替林 马铃薯冷汤:马铃薯冷汤 马陆银杏骨螺:马陆银杏骨螺 马拉近络新妇:马拉近络新妇 马拉维非洲盲刺鳅:马拉维非洲盲刺鳅 马延:马延 马钱子散:马钱子散 马尔顿:马尔顿 马氏鳄亚科:马氏鳄亚科 马信:马信 马来酸咪达唑仑片:马来酸咪达唑仑片]}
2018/05/02 21:18:18 map[Time_diff:530ms Res_dict:map[马拉近络新妇:马拉近络新妇 马拉维非洲盲刺鳅:马拉维非洲盲刺鳅 马延:马延 马钱子散:马钱子散 马尔顿:马尔顿 马氏鳄亚科:马氏鳄亚科 马信:马信 马来酸咪达唑仑片:马来酸咪达唑仑片 马斯卡林瓣蹼鹬:马斯卡林瓣蹼鹬 马特乌斯:马特乌斯 马长海:马长海 马骏:马骏 马蹄经雨不沾尘:马蹄经雨不沾尘 马乃司:马乃司 马约翰:马约翰 马玩:马玩 马尔三叶形虫:马尔三叶形虫 马达加斯加彩虹:马达加斯加彩虹 马宁:马宁 马上相逢无纸笔:马上相逢无纸笔 马特西亚斯:马特西亚斯 马格南:马格南 马桑叶:马桑叶 马尾松梢小卷蛾:马尾松梢小卷蛾 马达加斯加叶尾守宫:马达加斯加叶尾守宫 马景涛:马景涛 马铃薯沙拉:马铃薯沙拉 马邑:马邑 马本斋:马本斋 马凯尔:马凯尔 马兵:马兵 马略卡獒:马略卡獒 马国瀚:马国瀚 马林剑尾鱼:马林剑尾鱼 马特维耶维奇:马特维耶维奇 马槟榔:马槟榔 马拉摩特雪橇犬:马拉摩特雪橇犬 马宝:马宝 马三立:马三立 马边四极虫:马边四极虫 马鼎盛:马鼎盛 马麟:马麟 马德兴:马德兴 马璧:马璧 马蹄肾:马蹄肾 马烽:马烽 马哥教育:马哥教育 马前泼水:马前泼水 马留:马留 马超俊:马超俊 马前惆怅满枝红:马前惆怅满枝红 马达加斯加岛副狮:马达加斯加岛副狮 马一龙:马一龙 马修斯:马修斯 马叙伦:马叙伦 马忠:马忠 马尼托巴马鹿:马尼托巴马鹿 马伽迪斯芋螺:马伽迪斯芋螺 马千里:马千里 马铁:马铁 马云:马云 马应龙麝香痔疮膏:马应龙麝香痔疮膏 马思聪:马思聪 马胜利:马胜利 马肉米粉:马肉米粉 马邈:马邈 马宗汉:马宗汉 马里恩岛鮈南极鱼:马里恩岛鮈南极鱼 马公愚:马公愚 马达加斯加潜鸭:马达加斯加潜鸭 马来西亚海关:马来西亚海关 马士图:马士图 马来酸左旋氨氯地平片:马来酸左旋氨氯地平片 马努蚁鸟:马努蚁鸟 马乳带轻霜:马乳带轻霜 马苏大麻哈鱼河:马苏大麻哈鱼河 马达加斯加日守宫:马达加斯加日守宫 马达加斯加发声蟑螂:马达加斯加发声蟑螂 马达加斯加侏儒河马:马达加斯加侏儒河马 马来荧光裳凤蝶:马来荧光裳凤蝶 马来酸依那普利胶囊:马来酸依那普利胶囊 马雄镇:马雄镇 马刚:马刚 马略卡牧羊犬:马略卡牧羊犬 马克思:马克思 马肃:马肃 马少华:马少华 马毛带雪汗气蒸:马毛带雪汗气蒸 马自强:马自强 马天越:马天越 马拉多纳:马拉多纳 马拉糕:马拉糕 马前已被红旗引:马前已被红旗引 马里奥孔雀鱼:马里奥孔雀鱼 马烧麦:马烧麦 马来酸氨氯地平片:马来酸氨氯地平片 马丂宝螺:马丂宝螺 马查氏施韦茨丽鱼:马查氏施韦茨丽鱼 马利兰片:马利兰片 马文生:马文生 马尾松点尺蛾:马尾松点尺蛾 马嘶人语长亭白:马嘶人语长亭白 马晋:马晋 马蹄酥:马蹄酥 马连良:马连良 马克斯普朗克:马克斯普朗克 马提尼:马提尼 马尾综合征:马尾综合征 马苏骨鮡:马苏骨鮡 马达加斯加日间壁虎:马达加斯加日间壁虎 马达加斯加长清齿宝螺:马达加斯加长清齿宝螺 马晓年:马晓年 马斌:马斌 马健翎:马健翎 马自达劲翔:马自达劲翔 马不停蹄:马不停蹄 马伦:马伦 马来酸依那普利片:马来酸依那普利片 马蒂亚斯:马蒂亚斯 马丁路德金:马丁路德金 马艳丽:马艳丽 马丹:马丹 马托格罗索美洲狮:马托格罗索美洲狮 马到功成:马到功成 马贵林隆背狮子鱼:马贵林隆背狮子鱼 马世芳:马世芳 马力车重比:马力车重比 马铃薯块茎蛾:马铃薯块茎蛾 马思边草拳毛动:马思边草拳毛动 马伊俐:马伊俐 马牙肉:马牙肉 马国贤:马国贤 马约岛花蜜鸟:马约岛花蜜鸟 马俪文:马俪文 马歇尔岛拟雀鲷:马歇尔岛拟雀鲷 马赛鱼羹:马赛鱼羹 马彦祥:马彦祥 马雪:马雪 马达加斯加番茄蛙:马达加斯加番茄蛙 马来西亚巨龟:马来西亚巨龟 马元驭:马元驭 马奇莫鳄:马奇莫鳄 马师曾:马师曾 马赫带效应:马赫带效应 马鞍珠点弹:马鞍珠点弹 马昂:马昂 马约特卷尾:马约特卷尾 马达加斯加豹纹变色龙:马达加斯加豹纹变色龙 马来西亚巨人蜈蚣:马来西亚巨人蜈蚣 马石:马石 马化腾:马化腾 马稷:马稷 马应龙八宝眼粉:马应龙八宝眼粉 马均:马均 马达加斯加大头侧颈龟:马达加斯加大头侧颈龟 马来酸氟伏沙明片:马来酸氟伏沙明片 马来啸鸫:马来啸鸫 马端临:马端临 马之千里者:马之千里者 马蹄松:马蹄松 马注:马注 马赫迪:马赫迪 马克吐温:马克吐温 马相伯:马相伯 马来犬吻蝠属:马来犬吻蝠属 马良:马良 马芳:马芳 马荣祖:马荣祖 马苏里拉:马苏里拉 马鸿逵:马鸿逵 马可:马可 马奶酒:马奶酒 马尔克斯:马尔克斯 马打滚:马打滚 马达加斯加残趾虎:马达加斯加残趾虎 马塔法海蠋鱼:马塔法海蠋鱼 马雷马牧羊犬:马雷马牧羊犬 马自达八:马自达八 马拉雅湖宫丽鱼:马拉雅湖宫丽鱼 马钱子碱:马钱子碱 马奶子酒:马奶子酒 马基雅弗利主义:马基雅弗利主义 马达加斯加果蝠:马达加斯加果蝠 马晓春:马晓春 马蒙:马蒙 马维尔细小银汉鱼:马维尔细小银汉鱼 马国翰:马国翰 马尔地夫短额鮃:马尔地夫短额鮃 马康年:马康年 马齿苋:马齿苋 马来酸氯苯那敏片:马来酸氯苯那敏片 马应龙痔疮膏:马应龙痔疮膏 马钱苷:马钱苷 马方综合征:马方综合征 马兜铃酸:马兜铃酸 马蹄蛋糕:马蹄蛋糕 马海德:马海德 马尔马拉湖奈波鰕:马尔马拉湖奈波鰕 马来酸氯苯那敏注射液:马来酸氯苯那敏注射液 马谛氏:马谛氏 马蒂尔达角腹蛇:马蒂尔达角腹蛇 马其昶:马其昶 马卡连柯:马卡连柯 马绍荣:马绍荣 马来酸多潘立酮:马来酸多潘立酮 马岛沼泽苇莺:马岛沼泽苇莺 马到成功:马到成功 马勃:马勃 马努鹦哥:马努鹦哥 马兆麟:马兆麟 马达加斯加盲塘鳢:马达加斯加盲塘鳢 马守真:马守真 马瀛:马瀛 马纯:马纯 马寅初:马寅初 马方业:马方业 马斯卡林寿带鹟:马斯卡林寿带鹟 马融:马融 马岱:马岱 马耳他卷毛狮子犬:马耳他卷毛狮子犬 马格达莱纳侧颈龟:马格达莱纳侧颈龟 马尿泡:马尿泡 马汉:马汉 马卡洛夫:马卡洛夫 马明博:马明博 马祖光:马祖光 马锦:马锦 马穿山径菊初黄:马穿山径菊初黄 马铃薯二十八星瓢虫:马铃薯二十八星瓢虫 马尿酸:马尿酸 马偕:马偕 马氏近泉戎:马氏近泉戎 马耶墨头鱼:马耶墨头鱼 马来亚无尾蹄蝠:马来亚无尾蹄蝠 马尚:马尚 马希范:马希范 马嵬坡下泥土中:马嵬坡下泥土中 马冈鹅:马冈鹅 马树华:马树华 马尔蒂尼:马尔蒂尼 马义兴:马义兴 马马虎虎:马马虎虎 马氏漂浮海葵:马氏漂浮海葵 马奇诺:马奇诺 马蹄糕:马蹄糕 马踏棋盘:马踏棋盘 马士英:马士英 马霖:马霖 马援:马援 马鑫:马鑫 马作的卢飞快:马作的卢飞快 马愈:马愈 马婧:马婧 马尔地夫短额鲆:马尔地夫短额鲆 马家烧卖:马家烧卖 马钰:马钰 马库什权利要求:马库什权利要求 马岛獴属:马岛獴属 马聪玲:马聪玲 马郁:马郁 马苏金枪鱼:马苏金枪鱼 马达加斯加长尾灵猫:马达加斯加长尾灵猫 马英九:马英九 马玉仁:马玉仁 马莉:马莉 马自达普力马:马自达普力马 马尔科夫链:马尔科夫链 马达加斯加螣:马达加斯加螣 马斯洛:马斯洛 马世俊:马世俊 马氏毛粒蟹:马氏毛粒蟹 马来亚长臂猿:马来亚长臂猿 马全良:马全良 马革裹尸:马革裹尸 马遵:马遵 马仔:马仔 马尔康准黄斑蜂:马尔康准黄斑蜂 马氏钳蝎:马氏钳蝎 马来西亚雨林蝎:马来西亚雨林蝎 马托窜鸟:马托窜鸟 马中立:马中立 马跃:马跃 马利琉璃灰蝶:马利琉璃灰蝶 马克西:马克西 马晶:马晶 马士兵:马士兵 马腾:马腾 马家烧麦:马家烧麦 马达加斯加叶鼻蝠:马达加斯加叶鼻蝠 马骄偏避幰:马骄偏避幰 马之死者十二三矣:马之死者十二三矣 马臻:马臻 马新贻:马新贻 马耳他刑事法典:马耳他刑事法典 马国珍:马国珍 马岛小鸊鷉:马岛小鸊鷉 马殷:马殷 马琬:马琬 马拉雅拉姆语:马拉雅拉姆语 马锡五审判方式:马锡五审判方式 马季:马季 马鸣风萧萧:马鸣风萧萧 马谡:马谡 马玉麟:马玉麟 马拉多拉:马拉多拉 马齿叶亦繁:马齿叶亦繁 马尾松梢小蠹:马尾松梢小蠹 马记茶汤:马记茶汤 马雅可夫斯基:马雅可夫斯基 马鞭草:马鞭草 马首是瞻:马首是瞻 马来西亚大奖赛:马来西亚大奖赛 马踏春泥半是花:马踏春泥半是花 马尼托巴湖狼:马尼托巴湖狼 马放南山:马放南山 马尔布鲁克绿猴:马尔布鲁克绿猴 马虎面:马虎面 马励武:马励武 马格达河副项鳍鲶:马格达河副项鳍鲶 马伊琍:马伊琍 马来酸罗格列酮片:马来酸罗格列酮片 马蔺子素胶囊:马蔺子素胶囊 马宇:马宇 马努斯草鸮:马努斯草鸮 马拉硫磷:马拉硫磷 马祥兴菜馆:马祥兴菜馆 马尾蟹:马尾蟹 马国伟:马国伟 马鲁古樱蛤:马鲁古樱蛤 马燕红:马燕红 马林诺斯犬:马林诺斯犬 马普替林:马普替林 马铃薯冷汤:马铃薯冷汤 马陆银杏骨螺:马陆银杏骨螺 马氏杆:马氏杆]]
2018/05/02 21:18:18.410 [1;44m[D] [server.go:2619] 123.120.8.49 - - [02/May/2018 09:18:18] "GET /search_match/?query=%E9%A9%AC HTTP/1.1 200 0" 0.001923  Mozilla/5.0 (Windows NT 6.1; WOW64) AppleWebKit/537.36 (KHTML, like Gecko) Chrome/63.0.3239.84 Safari/537.36
[0m
2018-05-02 21:18:25.897711754 +0800 CST m=+204.043214950
2018-05-02 21:18:25.897737673 +0800 CST m=+204.043240883
2018/05/02 21:18:25 &{25ms map[你言我语:你言我语 你唱我和:你唱我和 你有权沉默:你有权沉默 你装饰了别人的梦:你装饰了别人的梦 你记得也好:你记得也好 你我相逢在黑夜的海上:你我相逢在黑夜的海上 你追我赶:你追我赶 你死我活:你死我活]}
2018/05/02 21:18:25 map[Time_diff:25ms Res_dict:map[你有权沉默:你有权沉默 你装饰了别人的梦:你装饰了别人的梦 你记得也好:你记得也好 你我相逢在黑夜的海上:你我相逢在黑夜的海上 你追我赶:你追我赶 你死我活:你死我活 你言我语:你言我语 你唱我和:你唱我和]]
2018/05/02 21:18:25.898 [1;44m[D] [server.go:2619] 123.120.8.49 - - [02/May/2018 09:18:25] "GET /search_match/?query=%E4%BD%A0 HTTP/1.1 200 0" 0.000637  Mozilla/5.0 (Windows NT 6.1; WOW64) AppleWebKit/537.36 (KHTML, like Gecko) Chrome/63.0.3239.84 Safari/537.36
[0m
2018-05-02 21:18:44.644678791 +0800 CST m=+222.790181974
2018-05-02 21:18:44.644712761 +0800 CST m=+222.790215954
2018/05/02 21:18:44 &{33ms map[你记得也好:你记得也好 你我相逢在黑夜的海上:你我相逢在黑夜的海上 你追我赶:你追我赶 你死我活:你死我活 你言我语:你言我语 你唱我和:你唱我和 你有权沉默:你有权沉默 你装饰了别人的梦:你装饰了别人的梦]}
2018/05/02 21:18:44 map[Time_diff:33ms Res_dict:map[你有权沉默:你有权沉默 你装饰了别人的梦:你装饰了别人的梦 你记得也好:你记得也好 你我相逢在黑夜的海上:你我相逢在黑夜的海上 你追我赶:你追我赶 你死我活:你死我活 你言我语:你言我语 你唱我和:你唱我和]]
2018/05/02 21:18:44.644 [1;44m[D] [server.go:2619] 123.120.8.49 - - [02/May/2018 09:18:44] "GET /search_match/?query=%E4%BD%A0%E5%A5%BD HTTP/1.1 200 0" 0.000230  Mozilla/5.0 (Windows NT 6.1; WOW64) AppleWebKit/537.36 (KHTML, like Gecko) Chrome/63.0.3239.84 Safari/537.36
[0m
2018-05-02 21:18:49.680629154 +0800 CST m=+227.826132350
2018-05-02 21:18:49.680658111 +0800 CST m=+227.826161310
2018/05/02 21:18:49 &{28ms map[想当治道时:想当治道时 想见先生未病时:想见先生未病时 想见山阿人:想见山阿人 想入非非:想入非非 想得家中夜深坐:想得家中夜深坐]}
2018/05/02 21:18:49 map[Time_diff:28ms Res_dict:map[想得家中夜深坐:想得家中夜深坐 想当治道时:想当治道时 想见先生未病时:想见先生未病时 想见山阿人:想见山阿人 想入非非:想入非非]]
2018/05/02 21:18:49.681 [1;44m[D] [server.go:2619] 123.120.8.49 - - [02/May/2018 09:18:49] "GET /search_match/?query=%E6%83%B3%E5%BF%B5 HTTP/1.1 200 0" 0.000610  Mozilla/5.0 (Windows NT 6.1; WOW64) AppleWebKit/537.36 (KHTML, like Gecko) Chrome/63.0.3239.84 Safari/537.36
[0m
2018-05-02 21:19:05.009464802 +0800 CST m=+243.154967999
2018-05-02 21:19:05.009485368 +0800 CST m=+243.154988571
2018/05/02 21:19:05 &{20ms map[想见先生未病时:想见先生未病时 想见山阿人:想见山阿人 想入非非:想入非非 想得家中夜深坐:想得家中夜深坐 想当治道时:想当治道时]}
2018/05/02 21:19:05 map[Time_diff:20ms Res_dict:map[想得家中夜深坐:想得家中夜深坐 想当治道时:想当治道时 想见先生未病时:想见先生未病时 想见山阿人:想见山阿人 想入非非:想入非非]]
2018/05/02 21:19:05.010 [1;44m[D] [server.go:2619] 123.120.8.49 - - [02/May/2018 09:19:05] "GET /search_match/?query=%E6%83%B3 HTTP/1.1 200 0" 0.000574  Mozilla/5.0 (Windows NT 6.1; WOW64) AppleWebKit/537.36 (KHTML, like Gecko) Chrome/63.0.3239.84 Safari/537.36
[0m
2018-05-02 21:19:08.250187899 +0800 CST m=+246.395691086
2018-05-02 21:19:08.250208409 +0800 CST m=+246.395711608
2018/05/02 21:19:08 &{20ms map[想得家中夜深坐:想得家中夜深坐 想当治道时:想当治道时 想见先生未病时:想见先生未病时 想见山阿人:想见山阿人 想入非非:想入非非]}
2018/05/02 21:19:08 map[Res_dict:map[想得家中夜深坐:想得家中夜深坐 想当治道时:想当治道时 想见先生未病时:想见先生未病时 想见山阿人:想见山阿人 想入非非:想入非非] Time_diff:20ms]
2018/05/02 21:19:08.250 [1;44m[D] [server.go:2619] 123.120.8.49 - - [02/May/2018 09:19:08] "GET /search_match/?query=%E6%83%B3%E5%BF%B5 HTTP/1.1 200 0" 0.000656  Mozilla/5.0 (Windows NT 6.1; WOW64) AppleWebKit/537.36 (KHTML, like Gecko) Chrome/63.0.3239.84 Safari/537.36
[0m
2018-05-02 21:19:24.004665398 +0800 CST m=+262.150168581
2018-05-02 21:19:24.004685446 +0800 CST m=+262.150188648
2018/05/02 21:19:24 &{20ms map[想得家中夜深坐:想得家中夜深坐 想当治道时:想当治道时 想见先生未病时:想见先生未病时 想见山阿人:想见山阿人 想入非非:想入非非]}
2018/05/02 21:19:24 map[Time_diff:20ms Res_dict:map[想得家中夜深坐:想得家中夜深坐 想当治道时:想当治道时 想见先生未病时:想见先生未病时 想见山阿人:想见山阿人 想入非非:想入非非]]
2018/05/02 21:19:24.005 [1;44m[D] [server.go:2619] 123.120.8.49 - - [02/May/2018 09:19:24] "GET /search_match/?query=%E6%83%B3%E5%BF%B5%E4%BD%A0 HTTP/1.1 200 0" 0.000835  Mozilla/5.0 (Windows NT 6.1; WOW64) AppleWebKit/537.36 (KHTML, like Gecko) Chrome/63.0.3239.84 Safari/537.36
[0m
2018-05-02 21:19:31.027413492 +0800 CST m=+269.172916710
2018-05-02 21:19:31.028037239 +0800 CST m=+269.173540492
2018/05/02 21:19:31 &{623ms map[马踏棋盘:马踏棋盘 马自达普力马:马自达普力马 马鞍珠点弹:马鞍珠点弹 马里恩岛鮈南极鱼:马里恩岛鮈南极鱼 马伽迪斯芋螺:马伽迪斯芋螺 马卡连柯:马卡连柯 马康年:马康年 马赫迪:马赫迪 马力车重比:马力车重比 马霖:马霖 马嘶人语长亭白:马嘶人语长亭白 马努蚁鸟:马努蚁鸟 马约翰:马约翰 马信:马信 马良:马良 马斯卡林瓣蹼鹬:马斯卡林瓣蹼鹬 马利兰片:马利兰片 马拉雅拉姆语:马拉雅拉姆语 马国瀚:马国瀚 马达加斯加残趾虎:马达加斯加残趾虎 马中立:马中立 马蒙:马蒙 马雅可夫斯基:马雅可夫斯基 马励武:马励武 马不停蹄:马不停蹄 马丹:马丹 马达加斯加侏儒河马:马达加斯加侏儒河马 马元驭:马元驭 马士兵:马士兵 马偕:马偕 马尔康准黄斑蜂:马尔康准黄斑蜂 马尔科夫链:马尔科夫链 马氏钳蝎:马氏钳蝎 马石:马石 马谛氏:马谛氏 马奇莫鳄:马奇莫鳄 马玉麟:马玉麟 马钱苷:马钱苷 马国贤:马国贤 马玩:马玩 马苏金枪鱼:马苏金枪鱼 马卡洛夫:马卡洛夫 马蒂尔达角腹蛇:马蒂尔达角腹蛇 马应龙痔疮膏:马应龙痔疮膏 马连良:马连良 马璧:马璧 马库什权利要求:马库什权利要求 马方业:马方业 马来酸氯苯那敏注射液:马来酸氯苯那敏注射液 马麟:马麟 马穿山径菊初黄:马穿山径菊初黄 马郁:马郁 马克思:马克思 马格南:马格南 马汉:马汉 马苏里拉:马苏里拉 马塔法海蠋鱼:马塔法海蠋鱼 马冈鹅:马冈鹅 马克西:马克西 马谡:马谡 马景涛:马景涛 马兵:马兵 马刚:马刚 马略卡牧羊犬:马略卡牧羊犬 马铃薯块茎蛾:马铃薯块茎蛾 马来亚长臂猿:马来亚长臂猿 马边四极虫:马边四极虫 马丂宝螺:马丂宝螺 马纯:马纯 马健翎:马健翎 马努鹦哥:马努鹦哥 马荣祖:马荣祖 马齿叶亦繁:马齿叶亦繁 马钱子散:马钱子散 马达加斯加长尾灵猫:马达加斯加长尾灵猫 马鼎盛:马鼎盛 马到功成:马到功成 马上相逢无纸笔:马上相逢无纸笔 马尔布鲁克绿猴:马尔布鲁克绿猴 马尔克斯:马尔克斯 马寅初:马寅初 马方综合征:马方综合征 马燕红:马燕红 马化腾:马化腾 马丁路德金:马丁路德金 马乃司:马乃司 马尔蒂尼:马尔蒂尼 马打滚:马打滚 马耶墨头鱼:马耶墨头鱼 马来荧光裳凤蝶:马来荧光裳凤蝶 马岱:马岱 马殷:马殷 马革裹尸:马革裹尸 马鞭草:马鞭草 马昂:马昂 马达加斯加番茄蛙:马达加斯加番茄蛙 马记茶汤:马记茶汤 马跃:马跃 马肉米粉:马肉米粉 马达加斯加叶鼻蝠:马达加斯加叶鼻蝠 马毛带雪汗气蒸:马毛带雪汗气蒸 马尼托巴湖狼:马尼托巴湖狼 马约岛花蜜鸟:马约岛花蜜鸟 马达加斯加发声蟑螂:马达加斯加发声蟑螂 马新贻:马新贻 马思聪:马思聪 马格达莱纳侧颈龟:马格达莱纳侧颈龟 马达加斯加日守宫:马达加斯加日守宫 马蒂亚斯:马蒂亚斯 马注:马注 马特维耶维奇:马特维耶维奇 马拉雅湖宫丽鱼:马拉雅湖宫丽鱼 马伊琍:马伊琍 马少华:马少华 马奶酒:马奶酒 马尔三叶形虫:马尔三叶形虫 马鸿逵:马鸿逵 马莉:马莉 马铃薯二十八星瓢虫:马铃薯二十八星瓢虫 马祥兴菜馆:马祥兴菜馆 马尾松梢小蠹:马尾松梢小蠹 马普替林:马普替林 马达加斯加果蝠:马达加斯加果蝠 马来亚无尾蹄蝠:马来亚无尾蹄蝠 马拉摩特雪橇犬:马拉摩特雪橇犬 马相伯:马相伯 马希范:马希范 马氏毛粒蟹:马氏毛粒蟹 马之死者十二三矣:马之死者十二三矣 马烽:马烽 马树华:马树华 马维尔细小银汉鱼:马维尔细小银汉鱼 马格达河副项鳍鲶:马格达河副项鳍鲶 马士英:马士英 马桑叶:马桑叶 马季:马季 马氏鳄亚科:马氏鳄亚科 马云:马云 马自达劲翔:马自达劲翔 马约特卷尾:马约特卷尾 马蹄糕:马蹄糕 马晓春:马晓春 马自强:马自强 马拉近络新妇:马拉近络新妇 马思边草拳毛动:马思边草拳毛动 马达加斯加叶尾守宫:马达加斯加叶尾守宫 马来酸氯苯那敏片:马来酸氯苯那敏片 马之千里者:马之千里者 马岛沼泽苇莺:马岛沼泽苇莺 马祖光:马祖光 马叙伦:马叙伦 马嵬坡下泥土中:马嵬坡下泥土中 马士图:马士图 马腾:马腾 马达加斯加长清齿宝螺:马达加斯加长清齿宝螺 马岛小鸊鷉:马岛小鸊鷉 马陆银杏骨螺:马陆银杏骨螺 马胜利:马胜利 马尔顿:马尔顿 马来啸鸫:马来啸鸫 马千里:马千里 马奇诺:马奇诺 马蹄肾:马蹄肾 马拉糕:马拉糕 马尼托巴马鹿:马尼托巴马鹿 马氏漂浮海葵:马氏漂浮海葵 马其昶:马其昶 马踏春泥半是花:马踏春泥半是花 马前惆怅满枝红:马前惆怅满枝红 马可:马可 马蹄松:马蹄松 马前已被红旗引:马前已被红旗引 马公愚:马公愚 马明博:马明博 马锡五审判方式:马锡五审判方式 马援:马援 马国珍:马国珍 马放南山:马放南山 马融:马融 马作的卢飞快:马作的卢飞快 马鑫:马鑫 马鸣风萧萧:马鸣风萧萧 马苏骨鮡:马苏骨鮡 马全良:马全良 马芳:马芳 马彦祥:马彦祥 马艳丽:马艳丽 马邑:马邑 马来酸多潘立酮:马来酸多潘立酮 马来犬吻蝠属:马来犬吻蝠属 马托窜鸟:马托窜鸟 马琬:马琬 马赛鱼羹:马赛鱼羹 马应龙八宝眼粉:马应龙八宝眼粉 马来西亚海关:马来西亚海关 马晓年:马晓年 马骏:马骏 马克吐温:马克吐温 马斌:马斌 马铃薯冷汤:马铃薯冷汤 马提尼:马提尼 马尔地夫短额鮃:马尔地夫短额鮃 马骄偏避幰:马骄偏避幰 马前泼水:马前泼水 马达加斯加大头侧颈龟:马达加斯加大头侧颈龟 马到成功:马到成功 马贵林隆背狮子鱼:马贵林隆背狮子鱼 马特乌斯:马特乌斯 马尚:马尚 马尾蟹:马尾蟹 马来酸咪达唑仑片:马来酸咪达唑仑片 马来西亚大奖赛:马来西亚大奖赛 马聪玲:马聪玲 马世芳:马世芳 马略卡獒:马略卡獒 马乳带轻霜:马乳带轻霜 马宝:马宝 马奶子酒:马奶子酒 马家烧卖:马家烧卖 马氏杆:马氏杆 马绍荣:马绍荣 马来酸氨氯地平片:马来酸氨氯地平片 马来西亚巨人蜈蚣:马来西亚巨人蜈蚣 马来西亚雨林蝎:马来西亚雨林蝎 马蹄酥:马蹄酥 马克斯普朗克:马克斯普朗克 马兆麟:马兆麟 马歇尔岛拟雀鲷:马歇尔岛拟雀鲷 马宇:马宇 马伦:马伦 马伊俐:马伊俐 马氏近泉戎:马氏近泉戎 马查氏施韦茨丽鱼:马查氏施韦茨丽鱼 马利琉璃灰蝶:马利琉璃灰蝶 马里奥孔雀鱼:马里奥孔雀鱼 马来西亚巨龟:马来西亚巨龟 马托格罗索美洲狮:马托格罗索美洲狮 马师曾:马师曾 马晶:马晶 马钰:马钰 马林诺斯犬:马林诺斯犬 马钱子碱:马钱子碱 马婧:马婧 马英九:马英九 马来酸罗格列酮片:马来酸罗格列酮片 马兜铃酸:马兜铃酸 马耳他刑事法典:马耳他刑事法典 马努斯草鸮:马努斯草鸮 马拉硫磷:马拉硫磷 马雄镇:马雄镇 马文生:马文生 马德兴:马德兴 马达加斯加彩虹:马达加斯加彩虹 马修斯:马修斯 马蔺子素胶囊:马蔺子素胶囊 马忠:马忠 马留:马留 马愈:马愈 马尾松点尺蛾:马尾松点尺蛾 马尔地夫短额鲆:马尔地夫短额鲆 马来酸依那普利胶囊:马来酸依那普利胶囊 马端临:马端临 马斯卡林寿带鹟:马斯卡林寿带鹟 马均:马均 马雪:马雪 马达加斯加豹纹变色龙:马达加斯加豹纹变色龙 马岛獴属:马岛獴属 马赫带效应:马赫带效应 马拉维非洲盲刺鳅:马拉维非洲盲刺鳅 马超俊:马超俊 马国翰:马国翰 马达加斯加螣:马达加斯加螣 马凯尔:马凯尔 马应龙麝香痔疮膏:马应龙麝香痔疮膏 马虎面:马虎面 马拉多纳:马拉多纳 马海德:马海德 马玉仁:马玉仁 马勃:马勃 马世俊:马世俊 马三立:马三立 马达加斯加岛副狮:马达加斯加岛副狮 马来酸氟伏沙明片:马来酸氟伏沙明片 马蹄经雨不沾尘:马蹄经雨不沾尘 马牙肉:马牙肉 马槟榔:马槟榔 马天越:马天越 马尔马拉湖奈波鰕:马尔马拉湖奈波鰕 马首是瞻:马首是瞻 马长海:马长海 马马虎虎:马马虎虎 马拉多拉:马拉多拉 马烧麦:马烧麦 马苏大麻哈鱼河:马苏大麻哈鱼河 马臻:马臻 马铁:马铁 马特西亚斯:马特西亚斯 马哥教育:马哥教育 马遵:马遵 马尿泡:马尿泡 马邈:马邈 马宗汉:马宗汉 马齿苋:马齿苋 马尾综合征:马尾综合征 马国伟:马国伟 马基雅弗利主义:马基雅弗利主义 马达加斯加潜鸭:马达加斯加潜鸭 马瀛:马瀛 马林剑尾鱼:马林剑尾鱼 马雷马牧羊犬:马雷马牧羊犬 马肃:马肃 马尿酸:马尿酸 马鲁古樱蛤:马鲁古樱蛤 马达加斯加盲塘鳢:马达加斯加盲塘鳢 马宁:马宁 马锦:马锦 马稷:马稷 马义兴:马义兴 马蹄蛋糕:马蹄蛋糕 马自达八:马自达八 马延:马延 马仔:马仔 马家烧麦:马家烧麦 马来酸左旋氨氯地平片:马来酸左旋氨氯地平片 马斯洛:马斯洛 马守真:马守真 马尾松梢小卷蛾:马尾松梢小卷蛾 马俪文:马俪文 马来酸依那普利片:马来酸依那普利片 马晋:马晋 马铃薯沙拉:马铃薯沙拉 马达加斯加日间壁虎:马达加斯加日间壁虎 马一龙:马一龙 马耳他卷毛狮子犬:马耳他卷毛狮子犬 马本斋:马本斋]}
2018/05/02 21:19:31 map[Time_diff:623ms Res_dict:map[马斯卡林瓣蹼鹬:马斯卡林瓣蹼鹬 马利兰片:马利兰片 马拉雅拉姆语:马拉雅拉姆语 马国瀚:马国瀚 马达加斯加残趾虎:马达加斯加残趾虎 马中立:马中立 马蒙:马蒙 马雅可夫斯基:马雅可夫斯基 马励武:马励武 马不停蹄:马不停蹄 马丹:马丹 马达加斯加侏儒河马:马达加斯加侏儒河马 马元驭:马元驭 马士兵:马士兵 马偕:马偕 马尔康准黄斑蜂:马尔康准黄斑蜂 马尔科夫链:马尔科夫链 马氏钳蝎:马氏钳蝎 马苏金枪鱼:马苏金枪鱼 马石:马石 马谛氏:马谛氏 马奇莫鳄:马奇莫鳄 马玉麟:马玉麟 马钱苷:马钱苷 马国贤:马国贤 马玩:马玩 马卡洛夫:马卡洛夫 马蒂尔达角腹蛇:马蒂尔达角腹蛇 马应龙痔疮膏:马应龙痔疮膏 马连良:马连良 马璧:马璧 马库什权利要求:马库什权利要求 马方业:马方业 马来酸氯苯那敏注射液:马来酸氯苯那敏注射液 马麟:马麟 马穿山径菊初黄:马穿山径菊初黄 马郁:马郁 马克思:马克思 马格南:马格南 马汉:马汉 马苏里拉:马苏里拉 马塔法海蠋鱼:马塔法海蠋鱼 马冈鹅:马冈鹅 马克西:马克西 马谡:马谡 马景涛:马景涛 马兵:马兵 马刚:马刚 马略卡牧羊犬:马略卡牧羊犬 马铃薯块茎蛾:马铃薯块茎蛾 马来亚长臂猿:马来亚长臂猿 马钱子散:马钱子散 马边四极虫:马边四极虫 马丂宝螺:马丂宝螺 马纯:马纯 马健翎:马健翎 马努鹦哥:马努鹦哥 马荣祖:马荣祖 马齿叶亦繁:马齿叶亦繁 马达加斯加长尾灵猫:马达加斯加长尾灵猫 马鼎盛:马鼎盛 马到功成:马到功成 马上相逢无纸笔:马上相逢无纸笔 马尔布鲁克绿猴:马尔布鲁克绿猴 马尔克斯:马尔克斯 马寅初:马寅初 马方综合征:马方综合征 马来荧光裳凤蝶:马来荧光裳凤蝶 马燕红:马燕红 马化腾:马化腾 马丁路德金:马丁路德金 马乃司:马乃司 马尔蒂尼:马尔蒂尼 马打滚:马打滚 马耶墨头鱼:马耶墨头鱼 马岱:马岱 马殷:马殷 马革裹尸:马革裹尸 马鞭草:马鞭草 马昂:马昂 马达加斯加番茄蛙:马达加斯加番茄蛙 马记茶汤:马记茶汤 马跃:马跃 马肉米粉:马肉米粉 马达加斯加叶鼻蝠:马达加斯加叶鼻蝠 马毛带雪汗气蒸:马毛带雪汗气蒸 马尼托巴湖狼:马尼托巴湖狼 马约岛花蜜鸟:马约岛花蜜鸟 马达加斯加发声蟑螂:马达加斯加发声蟑螂 马新贻:马新贻 马思聪:马思聪 马格达莱纳侧颈龟:马格达莱纳侧颈龟 马达加斯加日守宫:马达加斯加日守宫 马蒂亚斯:马蒂亚斯 马注:马注 马特维耶维奇:马特维耶维奇 马拉雅湖宫丽鱼:马拉雅湖宫丽鱼 马伊琍:马伊琍 马少华:马少华 马奶酒:马奶酒 马尔三叶形虫:马尔三叶形虫 马鸿逵:马鸿逵 马莉:马莉 马铃薯二十八星瓢虫:马铃薯二十八星瓢虫 马祥兴菜馆:马祥兴菜馆 马尾松梢小蠹:马尾松梢小蠹 马普替林:马普替林 马达加斯加果蝠:马达加斯加果蝠 马来亚无尾蹄蝠:马来亚无尾蹄蝠 马拉摩特雪橇犬:马拉摩特雪橇犬 马相伯:马相伯 马希范:马希范 马氏毛粒蟹:马氏毛粒蟹 马之死者十二三矣:马之死者十二三矣 马氏鳄亚科:马氏鳄亚科 马烽:马烽 马树华:马树华 马维尔细小银汉鱼:马维尔细小银汉鱼 马格达河副项鳍鲶:马格达河副项鳍鲶 马士英:马士英 马桑叶:马桑叶 马季:马季 马云:马云 马自达劲翔:马自达劲翔 马约特卷尾:马约特卷尾 马蹄糕:马蹄糕 马岛沼泽苇莺:马岛沼泽苇莺 马晓春:马晓春 马自强:马自强 马拉近络新妇:马拉近络新妇 马思边草拳毛动:马思边草拳毛动 马达加斯加叶尾守宫:马达加斯加叶尾守宫 马来酸氯苯那敏片:马来酸氯苯那敏片 马之千里者:马之千里者 马祖光:马祖光 马叙伦:马叙伦 马嵬坡下泥土中:马嵬坡下泥土中 马士图:马士图 马腾:马腾 马达加斯加长清齿宝螺:马达加斯加长清齿宝螺 马岛小鸊鷉:马岛小鸊鷉 马陆银杏骨螺:马陆银杏骨螺 马胜利:马胜利 马尔顿:马尔顿 马来啸鸫:马来啸鸫 马千里:马千里 马奇诺:马奇诺 马蹄肾:马蹄肾 马拉糕:马拉糕 马尼托巴马鹿:马尼托巴马鹿 马氏漂浮海葵:马氏漂浮海葵 马其昶:马其昶 马踏春泥半是花:马踏春泥半是花 马前惆怅满枝红:马前惆怅满枝红 马可:马可 马蹄松:马蹄松 马前已被红旗引:马前已被红旗引 马公愚:马公愚 马明博:马明博 马锡五审判方式:马锡五审判方式 马援:马援 马国珍:马国珍 马放南山:马放南山 马融:马融 马作的卢飞快:马作的卢飞快 马鑫:马鑫 马鸣风萧萧:马鸣风萧萧 马苏骨鮡:马苏骨鮡 马全良:马全良 马芳:马芳 马彦祥:马彦祥 马艳丽:马艳丽 马邑:马邑 马来酸多潘立酮:马来酸多潘立酮 马来犬吻蝠属:马来犬吻蝠属 马托窜鸟:马托窜鸟 马琬:马琬 马赛鱼羹:马赛鱼羹 马应龙八宝眼粉:马应龙八宝眼粉 马来西亚海关:马来西亚海关 马骄偏避幰:马骄偏避幰 马晓年:马晓年 马骏:马骏 马克吐温:马克吐温 马斌:马斌 马铃薯冷汤:马铃薯冷汤 马提尼:马提尼 马尔地夫短额鮃:马尔地夫短额鮃 马前泼水:马前泼水 马达加斯加大头侧颈龟:马达加斯加大头侧颈龟 马到成功:马到成功 马贵林隆背狮子鱼:马贵林隆背狮子鱼 马特乌斯:马特乌斯 马尚:马尚 马尾蟹:马尾蟹 马来酸咪达唑仑片:马来酸咪达唑仑片 马来西亚大奖赛:马来西亚大奖赛 马氏杆:马氏杆 马聪玲:马聪玲 马世芳:马世芳 马略卡獒:马略卡獒 马乳带轻霜:马乳带轻霜 马宝:马宝 马奶子酒:马奶子酒 马家烧卖:马家烧卖 马绍荣:马绍荣 马来酸氨氯地平片:马来酸氨氯地平片 马来西亚巨人蜈蚣:马来西亚巨人蜈蚣 马来西亚雨林蝎:马来西亚雨林蝎 马蹄酥:马蹄酥 马克斯普朗克:马克斯普朗克 马兆麟:马兆麟 马歇尔岛拟雀鲷:马歇尔岛拟雀鲷 马宇:马宇 马伦:马伦 马伊俐:马伊俐 马氏近泉戎:马氏近泉戎 马查氏施韦茨丽鱼:马查氏施韦茨丽鱼 马利琉璃灰蝶:马利琉璃灰蝶 马里奥孔雀鱼:马里奥孔雀鱼 马来西亚巨龟:马来西亚巨龟 马托格罗索美洲狮:马托格罗索美洲狮 马师曾:马师曾 马晶:马晶 马钰:马钰 马林诺斯犬:马林诺斯犬 马钱子碱:马钱子碱 马婧:马婧 马英九:马英九 马来酸罗格列酮片:马来酸罗格列酮片 马兜铃酸:马兜铃酸 马耳他刑事法典:马耳他刑事法典 马努斯草鸮:马努斯草鸮 马拉硫磷:马拉硫磷 马雄镇:马雄镇 马文生:马文生 马德兴:马德兴 马达加斯加彩虹:马达加斯加彩虹 马来酸依那普利胶囊:马来酸依那普利胶囊 马修斯:马修斯 马蔺子素胶囊:马蔺子素胶囊 马忠:马忠 马留:马留 马愈:马愈 马尾松点尺蛾:马尾松点尺蛾 马尔地夫短额鲆:马尔地夫短额鲆 马端临:马端临 马斯卡林寿带鹟:马斯卡林寿带鹟 马均:马均 马雪:马雪 马达加斯加豹纹变色龙:马达加斯加豹纹变色龙 马岛獴属:马岛獴属 马赫带效应:马赫带效应 马拉维非洲盲刺鳅:马拉维非洲盲刺鳅 马超俊:马超俊 马国翰:马国翰 马达加斯加螣:马达加斯加螣 马凯尔:马凯尔 马应龙麝香痔疮膏:马应龙麝香痔疮膏 马虎面:马虎面 马拉多纳:马拉多纳 马海德:马海德 马玉仁:马玉仁 马勃:马勃 马世俊:马世俊 马三立:马三立 马达加斯加岛副狮:马达加斯加岛副狮 马来酸氟伏沙明片:马来酸氟伏沙明片 马蹄经雨不沾尘:马蹄经雨不沾尘 马牙肉:马牙肉 马槟榔:马槟榔 马天越:马天越 马尔马拉湖奈波鰕:马尔马拉湖奈波鰕 马首是瞻:马首是瞻 马长海:马长海 马马虎虎:马马虎虎 马拉多拉:马拉多拉 马烧麦:马烧麦 马苏大麻哈鱼河:马苏大麻哈鱼河 马臻:马臻 马铁:马铁 马特西亚斯:马特西亚斯 马哥教育:马哥教育 马遵:马遵 马尿泡:马尿泡 马邈:马邈 马宗汉:马宗汉 马齿苋:马齿苋 马尾综合征:马尾综合征 马国伟:马国伟 马基雅弗利主义:马基雅弗利主义 马达加斯加潜鸭:马达加斯加潜鸭 马瀛:马瀛 马林剑尾鱼:马林剑尾鱼 马雷马牧羊犬:马雷马牧羊犬 马肃:马肃 马尿酸:马尿酸 马鲁古樱蛤:马鲁古樱蛤 马达加斯加盲塘鳢:马达加斯加盲塘鳢 马仔:马仔 马宁:马宁 马锦:马锦 马稷:马稷 马义兴:马义兴 马蹄蛋糕:马蹄蛋糕 马自达八:马自达八 马延:马延 马家烧麦:马家烧麦 马来酸左旋氨氯地平片:马来酸左旋氨氯地平片 马斯洛:马斯洛 马守真:马守真 马尾松梢小卷蛾:马尾松梢小卷蛾 马俪文:马俪文 马来酸依那普利片:马来酸依那普利片 马晋:马晋 马铃薯沙拉:马铃薯沙拉 马达加斯加日间壁虎:马达加斯加日间壁虎 马一龙:马一龙 马耳他卷毛狮子犬:马耳他卷毛狮子犬 马本斋:马本斋 马踏棋盘:马踏棋盘 马自达普力马:马自达普力马 马鞍珠点弹:马鞍珠点弹 马里恩岛鮈南极鱼:马里恩岛鮈南极鱼 马伽迪斯芋螺:马伽迪斯芋螺 马卡连柯:马卡连柯 马康年:马康年 马赫迪:马赫迪 马力车重比:马力车重比 马霖:马霖 马嘶人语长亭白:马嘶人语长亭白 马努蚁鸟:马努蚁鸟 马约翰:马约翰 马信:马信 马良:马良]]
2018/05/02 21:19:31.029 [1;44m[D] [server.go:2619] 123.120.8.49 - - [02/May/2018 09:19:31] "GET /search_match/?query=%E9%A9%AC HTTP/1.1 200 0" 0.002554  Mozilla/5.0 (Windows NT 6.1; WOW64) AppleWebKit/537.36 (KHTML, like Gecko) Chrome/63.0.3239.84 Safari/537.36
[0m
2018-05-02 21:19:35.321258342 +0800 CST m=+273.466761547
2018-05-02 21:19:35.321272889 +0800 CST m=+273.466776084
2018/05/02 21:19:35 &{14ms map[马到功成:马到功成 马到成功:马到成功]}
2018/05/02 21:19:35 map[Time_diff:14ms Res_dict:map[马到成功:马到成功 马到功成:马到功成]]
2018/05/02 21:19:35.321 [1;44m[D] [server.go:2619] 123.120.8.49 - - [02/May/2018 09:19:35] "GET /search_match/?query=%E9%A9%AC%E5%88%B0 HTTP/1.1 200 0" 0.000700  Mozilla/5.0 (Windows NT 6.1; WOW64) AppleWebKit/537.36 (KHTML, like Gecko) Chrome/63.0.3239.84 Safari/537.36
[0m
2018-05-02 21:19:38.589038323 +0800 CST m=+276.734541515
2018-05-02 21:19:38.589065589 +0800 CST m=+276.734568784
2018/05/02 21:19:38 &{27ms map[想入非非:想入非非 想得家中夜深坐:想得家中夜深坐 想当治道时:想当治道时 想见先生未病时:想见先生未病时 想见山阿人:想见山阿人]}
2018/05/02 21:19:38 map[Time_diff:27ms Res_dict:map[想入非非:想入非非 想得家中夜深坐:想得家中夜深坐 想当治道时:想当治道时 想见先生未病时:想见先生未病时 想见山阿人:想见山阿人]]
2018/05/02 21:19:38.589 [1;44m[D] [server.go:2619] 123.120.8.49 - - [02/May/2018 09:19:38] "GET /search_match/?query=%E6%83%B3 HTTP/1.1 200 0" 0.000213  Mozilla/5.0 (Windows NT 6.1; WOW64) AppleWebKit/537.36 (KHTML, like Gecko) Chrome/63.0.3239.84 Safari/537.36
[0m
2018-05-02 21:19:49.205051803 +0800 CST m=+287.350554991
2018-05-02 21:19:49.205062096 +0800 CST m=+287.350565299
2018/05/02 21:19:49 &{10ms map[]}
2018/05/02 21:19:49 map[Time_diff:10ms Res_dict:map[]]
2018/05/02 21:19:49.205 [1;44m[D] [server.go:2619] 140.207.54.187 - - [02/May/2018 09:19:49] "GET /search_match/?query=??3?? HTTP/1.1 200 0" 0.000175  Mozilla/5.0 (Macintosh; Intel Mac OS X 10_12_4) AppleWebKit/537.36 (KHTML, like Gecko) 			Chrome/55.0.2883.95 Safari/537.36
[0m
2018-05-02 21:20:05.209148466 +0800 CST m=+303.354651654
2018-05-02 21:20:05.209157737 +0800 CST m=+303.354660934
2018/05/02 21:20:05 &{9ms map[]}
2018/05/02 21:20:05 map[Time_diff:9ms Res_dict:map[]]
2018/05/02 21:20:05.209 [1;44m[D] [server.go:2619] 140.207.62.164 - - [02/May/2018 09:20:05] "GET /search_match/?query=??3 HTTP/1.1 200 0" 0.000457  Mozilla/5.0 (Windows NT 6.1; WOW64; Trident/7.0; SLCC2; .NET CLR 2.0.50727; .NET CLR 3.5.30729; .NET CLR 3.0.30729; Media Center PC 6.0; .NET4.0C; .NET4.0E; InfoPath.3; rv:11.0) like Gecko
[0m
